#
# There is insufficient memory for the Java Runtime Environment to continue.
# Native memory allocation (malloc) failed to allocate 1432832 bytes. Error detail: Chunk::new
# Possible reasons:
#   The system is out of physical RAM or swap space
#   This process is running with CompressedOops enabled, and the Java Heap may be blocking the growth of the native heap
# Possible solutions:
#   Reduce memory load on the system
#   Increase physical memory or swap space
#   Check if swap backing store is full
#   Decrease Java heap size (-Xmx/-Xms)
#   Decrease number of Java threads
#   Decrease Java thread stack sizes (-Xss)
#   Set larger code cache with -XX:ReservedCodeCacheSize=
#   JVM is running with Unscaled Compressed Oops mode in which the Java heap is
#     placed in the first 4GB address space. The Java Heap base address is the
#     maximum limit for the native heap growth. Please use -XX:HeapBaseMinAddress
#     to set the Java Heap base and to place the Java Heap above 4GB virtual address.
# This output file may be truncated or incomplete.
#
#  Out of Memory Error (arena.cpp:168), pid=2060, tid=14288
#
# JRE version: OpenJDK Runtime Environment Temurin-21.0.6+7 (21.0.6+7) (build 21.0.6+7-LTS)
# Java VM: OpenJDK 64-Bit Server VM Temurin-21.0.6+7 (21.0.6+7-LTS, mixed mode, sharing, tiered, compressed oops, compressed class ptrs, parallel gc, windows-amd64)
# No core dump will be written. Minidumps are not enabled by default on client versions of Windows
#

---------------  S U M M A R Y ------------

Command Line: --add-modules=ALL-SYSTEM --add-opens=java.base/java.util=ALL-UNNAMED --add-opens=java.base/java.lang=ALL-UNNAMED --add-opens=java.base/sun.nio.fs=ALL-UNNAMED -Declipse.application=org.eclipse.jdt.ls.core.id1 -Dosgi.bundles.defaultStartLevel=4 -Declipse.product=org.eclipse.jdt.ls.core.product -Djava.import.generatesMetadataFilesAtProjectRoot=false -DDetectVMInstallationsJob.disabled=true -Dfile.encoding=utf8 -XX:+UseParallelGC -XX:GCTimeRatio=4 -XX:AdaptiveSizePolicyWeight=90 -Dsun.zip.disableMemoryMapping=true -Xmx1G -Xms100m -Xlog:disable -javaagent:c:\Users\SANJU\.vscode\extensions\redhat.java-1.41.1-win32-x64\lombok\lombok-1.18.36.jar -XX:+HeapDumpOnOutOfMemoryError -XX:HeapDumpPath=c:\Users\SANJU\AppData\Roaming\Code\User\workspaceStorage\ee656b20cc33f40c5e6015df986231a5\redhat.java -Daether.dependencyCollector.impl=bf c:\Users\SANJU\.vscode\extensions\redhat.java-1.41.1-win32-x64\server\plugins\org.eclipse.equinox.launcher_1.7.0.v20250331-1702.jar -configuration c:\Users\SANJU\AppData\Roaming\Code\User\globalStorage\redhat.java\1.41.1\config_win -data c:\Users\SANJU\AppData\Roaming\Code\User\workspaceStorage\ee656b20cc33f40c5e6015df986231a5\redhat.java\jdt_ws --pipe=\\.\pipe\lsp-71fd3362846507d12d660bba2b7d24a4-sock

Host: Intel(R) Core(TM) i3-1005G1 CPU @ 1.20GHz, 4 cores, 7G,  Windows 11 , 64 bit Build 26100 (10.0.26100.3912)
Time: Sun May 11 22:33:54 2025 India Standard Time elapsed time: 31.688390 seconds (0d 0h 0m 31s)

---------------  T H R E A D  ---------------

Current thread (0x000001919276ba20):  JavaThread "C2 CompilerThread1" daemon [_thread_in_native, id=14288, stack(0x0000000c72300000,0x0000000c72400000) (1024K)]


Current CompileTask:
C2:31688 6237   !   4       org.eclipse.osgi.internal.loader.BundleLoader::findLocalClass (166 bytes)

Stack: [0x0000000c72300000,0x0000000c72400000]
Native frames: (J=compiled Java code, j=interpreted, Vv=VM code, C=native code)
V  [jvm.dll+0x6cdee9]
V  [jvm.dll+0x8a83d1]
V  [jvm.dll+0x8aa8fe]
V  [jvm.dll+0x8aafe3]
V  [jvm.dll+0x27f706]
V  [jvm.dll+0xc500d]
V  [jvm.dll+0xc5543]
V  [jvm.dll+0x3b678c]
V  [jvm.dll+0x382935]
V  [jvm.dll+0x381d9a]
V  [jvm.dll+0x2479f0]
V  [jvm.dll+0x246fcf]
V  [jvm.dll+0x1c75ee]
V  [jvm.dll+0x25685a]
V  [jvm.dll+0x254dfa]
V  [jvm.dll+0x3f0256]
V  [jvm.dll+0x851f8b]
V  [jvm.dll+0x6cc5ed]
C  [ucrtbase.dll+0x37b0]
C  [KERNEL32.DLL+0x2e8d7]
C  [ntdll.dll+0x9c5dc]


---------------  P R O C E S S  ---------------

Threads class SMR info:
_java_thread_list=0x0000019199363110, length=35, elements={
0x0000019139f37bf0, 0x00000191505d0230, 0x00000191505d1b90, 0x00000191505d4b80,
0x00000191505d6be0, 0x00000191505d7830, 0x00000191505da290, 0x00000191505db0c0,
0x00000191506517d0, 0x000001915068e1b0, 0x00000191926c3e90, 0x0000019197667c40,
0x00000191928165b0, 0x0000019197514190, 0x00000191978b6ef0, 0x0000019197ba8030,
0x000001919757d210, 0x00000191973f7c10, 0x00000191973f4e20, 0x00000191973f6ef0,
0x00000191973f5b40, 0x00000191973f54b0, 0x00000191973f82a0, 0x00000191973f61d0,
0x00000191973f6860, 0x00000191973f7580, 0x0000019199c14890, 0x0000019199c16ff0,
0x0000019199c162d0, 0x0000019199c15c40, 0x0000019199c14f20, 0x0000019199c16960,
0x0000019199c17680, 0x0000019199c155b0, 0x000001919276ba20
}

Java Threads: ( => current thread )
  0x0000019139f37bf0 JavaThread "main"                              [_thread_blocked, id=7084, stack(0x0000000c70200000,0x0000000c70300000) (1024K)]
  0x00000191505d0230 JavaThread "Reference Handler"          daemon [_thread_blocked, id=13336, stack(0x0000000c70600000,0x0000000c70700000) (1024K)]
  0x00000191505d1b90 JavaThread "Finalizer"                  daemon [_thread_blocked, id=8136, stack(0x0000000c70700000,0x0000000c70800000) (1024K)]
  0x00000191505d4b80 JavaThread "Signal Dispatcher"          daemon [_thread_blocked, id=15676, stack(0x0000000c70800000,0x0000000c70900000) (1024K)]
  0x00000191505d6be0 JavaThread "Attach Listener"            daemon [_thread_blocked, id=16568, stack(0x0000000c70900000,0x0000000c70a00000) (1024K)]
  0x00000191505d7830 JavaThread "Service Thread"             daemon [_thread_blocked, id=15236, stack(0x0000000c70a00000,0x0000000c70b00000) (1024K)]
  0x00000191505da290 JavaThread "Monitor Deflation Thread"   daemon [_thread_blocked, id=11296, stack(0x0000000c70b00000,0x0000000c70c00000) (1024K)]
  0x00000191505db0c0 JavaThread "C2 CompilerThread0"         daemon [_thread_in_native, id=5908, stack(0x0000000c70c00000,0x0000000c70d00000) (1024K)]
  0x00000191506517d0 JavaThread "C1 CompilerThread0"         daemon [_thread_in_native, id=2792, stack(0x0000000c70d00000,0x0000000c70e00000) (1024K)]
  0x000001915068e1b0 JavaThread "Common-Cleaner"             daemon [_thread_blocked, id=10132, stack(0x0000000c70e00000,0x0000000c70f00000) (1024K)]
  0x00000191926c3e90 JavaThread "Notification Thread"        daemon [_thread_blocked, id=10384, stack(0x0000000c70f00000,0x0000000c71000000) (1024K)]
  0x0000019197667c40 JavaThread "Active Thread: Equinox Container: a0a14714-a824-4448-9cc4-0dd61604fdb0"        [_thread_blocked, id=10368, stack(0x0000000c71300000,0x0000000c71400000) (1024K)]
  0x00000191928165b0 JavaThread "Refresh Thread: Equinox Container: a0a14714-a824-4448-9cc4-0dd61604fdb0" daemon [_thread_blocked, id=17136, stack(0x0000000c71400000,0x0000000c71500000) (1024K)]
  0x0000019197514190 JavaThread "Framework Event Dispatcher: Equinox Container: a0a14714-a824-4448-9cc4-0dd61604fdb0" daemon [_thread_blocked, id=15984, stack(0x0000000c71500000,0x0000000c71600000) (1024K)]
  0x00000191978b6ef0 JavaThread "Start Level: Equinox Container: a0a14714-a824-4448-9cc4-0dd61604fdb0" daemon [_thread_blocked, id=13384, stack(0x0000000c71600000,0x0000000c71700000) (1024K)]
  0x0000019197ba8030 JavaThread "Bundle File Closer"         daemon [_thread_blocked, id=5636, stack(0x0000000c71700000,0x0000000c71800000) (1024K)]
  0x000001919757d210 JavaThread "SCR Component Actor"        daemon [_thread_blocked, id=8248, stack(0x0000000c71800000,0x0000000c71900000) (1024K)]
  0x00000191973f7c10 JavaThread "Worker-JM"                         [_thread_blocked, id=6624, stack(0x0000000c71a00000,0x0000000c71b00000) (1024K)]
  0x00000191973f4e20 JavaThread "Worker-0"                          [_thread_blocked, id=6096, stack(0x0000000c71b00000,0x0000000c71c00000) (1024K)]
  0x00000191973f6ef0 JavaThread "Worker-1: Synchronizing projects"        [_thread_in_native, id=3504, stack(0x0000000c71c00000,0x0000000c71d00000) (1024K)]
  0x00000191973f5b40 JavaThread "Worker-2: Building"                [_thread_blocked, id=13196, stack(0x0000000c71d00000,0x0000000c71e00000) (1024K)]
  0x00000191973f54b0 JavaThread "Worker-3"                          [_thread_blocked, id=11404, stack(0x0000000c71f00000,0x0000000c72000000) (1024K)]
  0x00000191973f82a0 JavaThread "Java indexing"              daemon [_thread_blocked, id=13376, stack(0x0000000c71900000,0x0000000c71a00000) (1024K)]
  0x00000191973f61d0 JavaThread "Worker-4: Loading available Gradle versions"        [_thread_in_vm, id=13288, stack(0x0000000c71e00000,0x0000000c71f00000) (1024K)]
  0x00000191973f6860 JavaThread "JNA Cleaner"                daemon [_thread_blocked, id=14260, stack(0x0000000c72000000,0x0000000c72100000) (1024K)]
  0x00000191973f7580 JavaThread "Worker-5"                          [_thread_blocked, id=9596, stack(0x0000000c72400000,0x0000000c72500000) (1024K)]
  0x0000019199c14890 JavaThread "Thread-2"                   daemon [_thread_in_native, id=5884, stack(0x0000000c72500000,0x0000000c72600000) (1024K)]
  0x0000019199c16ff0 JavaThread "Thread-3"                   daemon [_thread_in_native, id=15104, stack(0x0000000c72600000,0x0000000c72700000) (1024K)]
  0x0000019199c162d0 JavaThread "Thread-4"                   daemon [_thread_in_native, id=1648, stack(0x0000000c72700000,0x0000000c72800000) (1024K)]
  0x0000019199c15c40 JavaThread "Thread-5"                   daemon [_thread_in_native, id=13100, stack(0x0000000c72800000,0x0000000c72900000) (1024K)]
  0x0000019199c14f20 JavaThread "Thread-6"                   daemon [_thread_in_native, id=14272, stack(0x0000000c72900000,0x0000000c72a00000) (1024K)]
  0x0000019199c16960 JavaThread "pool-2-thread-1"                   [_thread_blocked, id=4548, stack(0x0000000c72a00000,0x0000000c72b00000) (1024K)]
  0x0000019199c17680 JavaThread "WorkspaceEventsHandler"            [_thread_blocked, id=12148, stack(0x0000000c72b00000,0x0000000c72c00000) (1024K)]
  0x0000019199c155b0 JavaThread "pool-1-thread-1"                   [_thread_in_Java, id=8808, stack(0x0000000c72c00000,0x0000000c72d00000) (1024K)]
=>0x000001919276ba20 JavaThread "C2 CompilerThread1"         daemon [_thread_in_native, id=14288, stack(0x0000000c72300000,0x0000000c72400000) (1024K)]
Total: 35

Other Threads:
  0x000001913bb3cec0 VMThread "VM Thread"                           [id=5272, stack(0x0000000c70500000,0x0000000c70600000) (1024K)]
  0x000001913bae8b60 WatcherThread "VM Periodic Task Thread"        [id=15708, stack(0x0000000c70400000,0x0000000c70500000) (1024K)]
  0x000001913ba9a540 WorkerThread "GC Thread#0"                     [id=10908, stack(0x0000000c70300000,0x0000000c70400000) (1024K)]
  0x000001919727f990 WorkerThread "GC Thread#1"                     [id=5404, stack(0x0000000c71000000,0x0000000c71100000) (1024K)]
  0x00000191972a3360 WorkerThread "GC Thread#2"                     [id=4188, stack(0x0000000c71100000,0x0000000c71200000) (1024K)]
  0x0000019197283160 WorkerThread "GC Thread#3"                     [id=4368, stack(0x0000000c71200000,0x0000000c71300000) (1024K)]
Total: 6

Threads with active compile tasks:
C2 CompilerThread0  31737 6345       4       java.util.Properties$LineReader::readLine (584 bytes)
C1 CompilerThread0  31737 6347   !   3       java.lang.String::<init> (890 bytes)
C2 CompilerThread1  31737 6237   !   4       org.eclipse.osgi.internal.loader.BundleLoader::findLocalClass (166 bytes)
Total: 3

VM state: not at safepoint (normal execution)

VM Mutex/Monitor currently owned by a thread: None

Heap address: 0x00000000c0000000, size: 1024 MB, Compressed Oops mode: 32-bit

CDS archive(s) mapped at: [0x0000019151000000-0x0000019151ba0000-0x0000019151ba0000), size 12189696, SharedBaseAddress: 0x0000019151000000, ArchiveRelocationMode: 1.
Compressed class space mapped at: 0x0000019152000000-0x0000019192000000, reserved size: 1073741824
Narrow klass base: 0x0000019151000000, Narrow klass shift: 0, Narrow klass range: 0x100000000

GC Precious Log:
 CardTable entry size: 512
 CPUs: 4 total, 4 available
 Memory: 7932M
 Large Page Support: Disabled
 NUMA Support: Disabled
 Compressed Oops: Enabled (32-bit)
 Alignments: Space 512K, Generation 512K, Heap 2M
 Heap Min Capacity: 100M
 Heap Initial Capacity: 100M
 Heap Max Capacity: 1G
 Pre-touch: Disabled
 Parallel Workers: 4

Heap:
 PSYoungGen      total 24576K, used 9957K [0x00000000eab00000, 0x00000000ec600000, 0x0000000100000000)
  eden space 22016K, 39% used [0x00000000eab00000,0x00000000eb384360,0x00000000ec080000)
  from space 2560K, 48% used [0x00000000ec200000,0x00000000ec3350b8,0x00000000ec480000)
  to   space 1536K, 0% used [0x00000000ec480000,0x00000000ec480000,0x00000000ec600000)
 ParOldGen       total 68608K, used 22937K [0x00000000c0000000, 0x00000000c4300000, 0x00000000eab00000)
  object space 68608K, 33% used [0x00000000c0000000,0x00000000c1666498,0x00000000c4300000)
 Metaspace       used 47838K, committed 48896K, reserved 1114112K
  class space    used 5098K, committed 5568K, reserved 1048576K

Card table byte_map: [0x000001914df20000,0x000001914e130000] _byte_map_base: 0x000001914d920000

Marking Bits: (ParMarkBitMap*) 0x00007ffd072d3260
 Begin Bits: [0x000001914e290000, 0x000001914f290000)
 End Bits:   [0x000001914f290000, 0x0000019150290000)

Polling page: 0x000001913bb40000

Metaspace:

Usage:
  Non-class:     41.74 MB used.
      Class:      4.98 MB used.
       Both:     46.72 MB used.

Virtual space:
  Non-class space:       64.00 MB reserved,      42.31 MB ( 66%) committed,  1 nodes.
      Class space:        1.00 GB reserved,       5.44 MB ( <1%) committed,  1 nodes.
             Both:        1.06 GB reserved,      47.75 MB (  4%) committed. 

Chunk freelists:
   Non-Class:  5.39 MB
       Class:  10.50 MB
        Both:  15.89 MB

MaxMetaspaceSize: unlimited
CompressedClassSpaceSize: 1.00 GB
Initial GC threshold: 21.00 MB
Current GC threshold: 58.38 MB
CDS: on
 - commit_granule_bytes: 65536.
 - commit_granule_words: 8192.
 - virtual_space_node_default_size: 8388608.
 - enlarge_chunks_in_place: 1.
 - use_allocation_guard: 0.


Internal statistics:

num_allocs_failed_limit: 6.
num_arena_births: 746.
num_arena_deaths: 14.
num_vsnodes_births: 2.
num_vsnodes_deaths: 0.
num_space_committed: 764.
num_space_uncommitted: 0.
num_chunks_returned_to_freelist: 20.
num_chunks_taken_from_freelist: 2713.
num_chunk_merges: 12.
num_chunk_splits: 1678.
num_chunks_enlarged: 937.
num_inconsistent_stats: 0.

CodeHeap 'non-profiled nmethods': size=120000Kb used=3134Kb max_used=3134Kb free=116865Kb
 bounds [0x0000019146810000, 0x0000019146b20000, 0x000001914dd40000]
CodeHeap 'profiled nmethods': size=120000Kb used=12029Kb max_used=12029Kb free=107970Kb
 bounds [0x000001913ed40000, 0x000001913f900000, 0x0000019146270000]
CodeHeap 'non-nmethods': size=5760Kb used=1402Kb max_used=1447Kb free=4357Kb
 bounds [0x0000019146270000, 0x00000191464e0000, 0x0000019146810000]
 total_blobs=6450 nmethods=5760 adapters=596
 compilation: enabled
              stopped_count=0, restarted_count=0
 full_count=0

Compilation events (20 events):
Event: 31.072 Thread 0x00000191506517d0 nmethod 6290 0x000001913f8d7310 code [0x000001913f8d74e0, 0x000001913f8d7718]
Event: 31.074 Thread 0x00000191506517d0 6291       3       com.sun.org.apache.xerces.internal.utils.XMLSecurityPropertyManager$Property::values (10 bytes)
Event: 31.074 Thread 0x00000191506517d0 nmethod 6291 0x000001913f8d7810 code [0x000001913f8d79c0, 0x000001913f8d7c68]
Event: 31.074 Thread 0x00000191506517d0 6292   !   3       com.sun.org.apache.xerces.internal.utils.XMLSecurityPropertyManager::getSystemProperty (68 bytes)
Event: 31.075 Thread 0x00000191506517d0 nmethod 6292 0x000001913f8d7d10 code [0x000001913f8d7fe0, 0x000001913f8d9150]
Event: 31.076 Thread 0x00000191506517d0 6295       3       java.util.Vector::<init> (49 bytes)
Event: 31.076 Thread 0x00000191506517d0 nmethod 6295 0x000001913f8d9a10 code [0x000001913f8d9c60, 0x000001913f8da430]
Event: 31.076 Thread 0x00000191506517d0 6293       3       java.util.ImmutableCollections$AbstractImmutableList::iterator (13 bytes)
Event: 31.076 Thread 0x00000191506517d0 nmethod 6293 0x000001913f8da790 code [0x000001913f8da960, 0x000001913f8dac90]
Event: 31.076 Thread 0x00000191506517d0 6294       3       java.util.ImmutableCollections$ListItr::<init> (25 bytes)
Event: 31.076 Thread 0x00000191506517d0 nmethod 6294 0x000001913f8dad90 code [0x000001913f8daf40, 0x000001913f8db0d0]
Event: 31.078 Thread 0x00000191506517d0 6296       3       sun.net.util.IPAddressUtil::match (50 bytes)
Event: 31.078 Thread 0x00000191506517d0 nmethod 6296 0x000001913f8db190 code [0x000001913f8db340, 0x000001913f8db5b0]
Event: 31.082 Thread 0x00000191506517d0 6297       3       java.lang.Class::protectionDomain (48 bytes)
Event: 31.083 Thread 0x00000191506517d0 nmethod 6297 0x000001913f8db690 code [0x000001913f8db8c0, 0x000001913f8dbe80]
Event: 31.126 Thread 0x00000191506517d0 6298       3       org.eclipse.core.internal.jobs.JobQueue::peek (26 bytes)
Event: 31.127 Thread 0x00000191506517d0 nmethod 6298 0x000001913f8dc090 code [0x000001913f8dc240, 0x000001913f8dc3d8]
Event: 31.127 Thread 0x00000191505db0c0 6299       4       java.io.StringWriter::write (11 bytes)
Event: 31.582 Thread 0x00000191506517d0 6300       3       java.nio.ByteBuffer::mark (7 bytes)
Event: 31.582 Thread 0x00000191506517d0 nmethod 6300 0x000001913f8dc490 code [0x000001913f8dc640, 0x000001913f8dc7b0]

GC Heap History (20 events):
Event: 24.515 GC heap before
{Heap before GC invocations=10 (full 1):
 PSYoungGen      total 24576K, used 24125K [0x00000000eab00000, 0x00000000ec900000, 0x0000000100000000)
  eden space 24064K, 98% used [0x00000000eab00000,0x00000000ec2421c8,0x00000000ec280000)
  from space 512K, 60% used [0x00000000ec880000,0x00000000ec8cd440,0x00000000ec900000)
  to   space 2048K, 0% used [0x00000000ec500000,0x00000000ec500000,0x00000000ec700000)
 ParOldGen       total 68608K, used 12582K [0x00000000c0000000, 0x00000000c4300000, 0x00000000eab00000)
  object space 68608K, 18% used [0x00000000c0000000,0x00000000c0c49aa0,0x00000000c4300000)
 Metaspace       used 26493K, committed 27328K, reserved 1114112K
  class space    used 2641K, committed 3008K, reserved 1048576K
}
Event: 24.516 GC heap after
{Heap after GC invocations=10 (full 1):
 PSYoungGen      total 25600K, used 1166K [0x00000000eab00000, 0x00000000ec900000, 0x0000000100000000)
  eden space 23552K, 0% used [0x00000000eab00000,0x00000000eab00000,0x00000000ec200000)
  from space 2048K, 56% used [0x00000000ec500000,0x00000000ec6239b0,0x00000000ec700000)
  to   space 1536K, 0% used [0x00000000ec780000,0x00000000ec780000,0x00000000ec900000)
 ParOldGen       total 68608K, used 12590K [0x00000000c0000000, 0x00000000c4300000, 0x00000000eab00000)
  object space 68608K, 18% used [0x00000000c0000000,0x00000000c0c4baa0,0x00000000c4300000)
 Metaspace       used 26493K, committed 27328K, reserved 1114112K
  class space    used 2641K, committed 3008K, reserved 1048576K
}
Event: 25.191 GC heap before
{Heap before GC invocations=11 (full 1):
 PSYoungGen      total 25600K, used 24718K [0x00000000eab00000, 0x00000000ec900000, 0x0000000100000000)
  eden space 23552K, 100% used [0x00000000eab00000,0x00000000ec200000,0x00000000ec200000)
  from space 2048K, 56% used [0x00000000ec500000,0x00000000ec6239b0,0x00000000ec700000)
  to   space 1536K, 0% used [0x00000000ec780000,0x00000000ec780000,0x00000000ec900000)
 ParOldGen       total 68608K, used 12590K [0x00000000c0000000, 0x00000000c4300000, 0x00000000eab00000)
  object space 68608K, 18% used [0x00000000c0000000,0x00000000c0c4baa0,0x00000000c4300000)
 Metaspace       used 28261K, committed 29120K, reserved 1114112K
  class space    used 2783K, committed 3136K, reserved 1048576K
}
Event: 25.195 GC heap after
{Heap after GC invocations=11 (full 1):
 PSYoungGen      total 24064K, used 964K [0x00000000eab00000, 0x00000000ec880000, 0x0000000100000000)
  eden space 23040K, 0% used [0x00000000eab00000,0x00000000eab00000,0x00000000ec180000)
  from space 1024K, 94% used [0x00000000ec780000,0x00000000ec871148,0x00000000ec880000)
  to   space 1536K, 0% used [0x00000000ec580000,0x00000000ec580000,0x00000000ec700000)
 ParOldGen       total 68608K, used 14297K [0x00000000c0000000, 0x00000000c4300000, 0x00000000eab00000)
  object space 68608K, 20% used [0x00000000c0000000,0x00000000c0df64c0,0x00000000c4300000)
 Metaspace       used 28261K, committed 29120K, reserved 1114112K
  class space    used 2783K, committed 3136K, reserved 1048576K
}
Event: 25.889 GC heap before
{Heap before GC invocations=12 (full 1):
 PSYoungGen      total 24064K, used 23998K [0x00000000eab00000, 0x00000000ec880000, 0x0000000100000000)
  eden space 23040K, 99% used [0x00000000eab00000,0x00000000ec17e810,0x00000000ec180000)
  from space 1024K, 94% used [0x00000000ec780000,0x00000000ec871148,0x00000000ec880000)
  to   space 1536K, 0% used [0x00000000ec580000,0x00000000ec580000,0x00000000ec700000)
 ParOldGen       total 68608K, used 14297K [0x00000000c0000000, 0x00000000c4300000, 0x00000000eab00000)
  object space 68608K, 20% used [0x00000000c0000000,0x00000000c0df64c0,0x00000000c4300000)
 Metaspace       used 29361K, committed 30272K, reserved 1114112K
  class space    used 2894K, committed 3328K, reserved 1048576K
}
Event: 25.892 GC heap after
{Heap after GC invocations=12 (full 1):
 PSYoungGen      total 24064K, used 814K [0x00000000eab00000, 0x00000000ec800000, 0x0000000100000000)
  eden space 22528K, 0% used [0x00000000eab00000,0x00000000eab00000,0x00000000ec100000)
  from space 1536K, 53% used [0x00000000ec580000,0x00000000ec64bba0,0x00000000ec700000)
  to   space 1024K, 0% used [0x00000000ec700000,0x00000000ec700000,0x00000000ec800000)
 ParOldGen       total 68608K, used 15069K [0x00000000c0000000, 0x00000000c4300000, 0x00000000eab00000)
  object space 68608K, 21% used [0x00000000c0000000,0x00000000c0eb7558,0x00000000c4300000)
 Metaspace       used 29361K, committed 30272K, reserved 1114112K
  class space    used 2894K, committed 3328K, reserved 1048576K
}
Event: 26.534 GC heap before
{Heap before GC invocations=13 (full 1):
 PSYoungGen      total 24064K, used 23342K [0x00000000eab00000, 0x00000000ec800000, 0x0000000100000000)
  eden space 22528K, 100% used [0x00000000eab00000,0x00000000ec100000,0x00000000ec100000)
  from space 1536K, 53% used [0x00000000ec580000,0x00000000ec64bba0,0x00000000ec700000)
  to   space 1024K, 0% used [0x00000000ec700000,0x00000000ec700000,0x00000000ec800000)
 ParOldGen       total 68608K, used 15069K [0x00000000c0000000, 0x00000000c4300000, 0x00000000eab00000)
  object space 68608K, 21% used [0x00000000c0000000,0x00000000c0eb7558,0x00000000c4300000)
 Metaspace       used 31703K, committed 32576K, reserved 1114112K
  class space    used 3186K, committed 3584K, reserved 1048576K
}
Event: 26.536 GC heap after
{Heap after GC invocations=13 (full 1):
 PSYoungGen      total 23040K, used 778K [0x00000000eab00000, 0x00000000ec800000, 0x0000000100000000)
  eden space 22016K, 0% used [0x00000000eab00000,0x00000000eab00000,0x00000000ec080000)
  from space 1024K, 75% used [0x00000000ec700000,0x00000000ec7c28e0,0x00000000ec800000)
  to   space 1024K, 0% used [0x00000000ec600000,0x00000000ec600000,0x00000000ec700000)
 ParOldGen       total 68608K, used 15801K [0x00000000c0000000, 0x00000000c4300000, 0x00000000eab00000)
  object space 68608K, 23% used [0x00000000c0000000,0x00000000c0f6e6f0,0x00000000c4300000)
 Metaspace       used 31703K, committed 32576K, reserved 1114112K
  class space    used 3186K, committed 3584K, reserved 1048576K
}
Event: 27.138 GC heap before
{Heap before GC invocations=14 (full 1):
 PSYoungGen      total 23040K, used 20910K [0x00000000eab00000, 0x00000000ec800000, 0x0000000100000000)
  eden space 22016K, 91% used [0x00000000eab00000,0x00000000ebea9100,0x00000000ec080000)
  from space 1024K, 75% used [0x00000000ec700000,0x00000000ec7c28e0,0x00000000ec800000)
  to   space 1024K, 0% used [0x00000000ec600000,0x00000000ec600000,0x00000000ec700000)
 ParOldGen       total 68608K, used 15801K [0x00000000c0000000, 0x00000000c4300000, 0x00000000eab00000)
  object space 68608K, 23% used [0x00000000c0000000,0x00000000c0f6e6f0,0x00000000c4300000)
 Metaspace       used 34953K, committed 35840K, reserved 1114112K
  class space    used 3538K, committed 3904K, reserved 1048576K
}
Event: 27.141 GC heap after
{Heap after GC invocations=14 (full 1):
 PSYoungGen      total 23040K, used 1024K [0x00000000eab00000, 0x00000000ec780000, 0x0000000100000000)
  eden space 22016K, 0% used [0x00000000eab00000,0x00000000eab00000,0x00000000ec080000)
  from space 1024K, 100% used [0x00000000ec600000,0x00000000ec700000,0x00000000ec700000)
  to   space 512K, 0% used [0x00000000ec700000,0x00000000ec700000,0x00000000ec780000)
 ParOldGen       total 68608K, used 16767K [0x00000000c0000000, 0x00000000c4300000, 0x00000000eab00000)
  object space 68608K, 24% used [0x00000000c0000000,0x00000000c105fe28,0x00000000c4300000)
 Metaspace       used 34953K, committed 35840K, reserved 1114112K
  class space    used 3538K, committed 3904K, reserved 1048576K
}
Event: 27.141 GC heap before
{Heap before GC invocations=15 (full 2):
 PSYoungGen      total 23040K, used 1024K [0x00000000eab00000, 0x00000000ec780000, 0x0000000100000000)
  eden space 22016K, 0% used [0x00000000eab00000,0x00000000eab00000,0x00000000ec080000)
  from space 1024K, 100% used [0x00000000ec600000,0x00000000ec700000,0x00000000ec700000)
  to   space 512K, 0% used [0x00000000ec700000,0x00000000ec700000,0x00000000ec780000)
 ParOldGen       total 68608K, used 16767K [0x00000000c0000000, 0x00000000c4300000, 0x00000000eab00000)
  object space 68608K, 24% used [0x00000000c0000000,0x00000000c105fe28,0x00000000c4300000)
 Metaspace       used 34953K, committed 35840K, reserved 1114112K
  class space    used 3538K, committed 3904K, reserved 1048576K
}
Event: 27.188 GC heap after
{Heap after GC invocations=15 (full 2):
 PSYoungGen      total 23040K, used 0K [0x00000000eab00000, 0x00000000ec780000, 0x0000000100000000)
  eden space 22016K, 0% used [0x00000000eab00000,0x00000000eab00000,0x00000000ec080000)
  from space 1024K, 0% used [0x00000000ec600000,0x00000000ec600000,0x00000000ec700000)
  to   space 512K, 0% used [0x00000000ec700000,0x00000000ec700000,0x00000000ec780000)
 ParOldGen       total 68608K, used 17351K [0x00000000c0000000, 0x00000000c4300000, 0x00000000eab00000)
  object space 68608K, 25% used [0x00000000c0000000,0x00000000c10f1fb0,0x00000000c4300000)
 Metaspace       used 34953K, committed 35840K, reserved 1114112K
  class space    used 3538K, committed 3904K, reserved 1048576K
}
Event: 28.017 GC heap before
{Heap before GC invocations=16 (full 2):
 PSYoungGen      total 23040K, used 22016K [0x00000000eab00000, 0x00000000ec780000, 0x0000000100000000)
  eden space 22016K, 100% used [0x00000000eab00000,0x00000000ec080000,0x00000000ec080000)
  from space 1024K, 0% used [0x00000000ec600000,0x00000000ec600000,0x00000000ec700000)
  to   space 512K, 0% used [0x00000000ec700000,0x00000000ec700000,0x00000000ec780000)
 ParOldGen       total 68608K, used 17351K [0x00000000c0000000, 0x00000000c4300000, 0x00000000eab00000)
  object space 68608K, 25% used [0x00000000c0000000,0x00000000c10f1fb0,0x00000000c4300000)
 Metaspace       used 37757K, committed 38720K, reserved 1114112K
  class space    used 3875K, committed 4288K, reserved 1048576K
}
Event: 28.020 GC heap after
{Heap after GC invocations=16 (full 2):
 PSYoungGen      total 22528K, used 510K [0x00000000eab00000, 0x00000000ec780000, 0x0000000100000000)
  eden space 22016K, 0% used [0x00000000eab00000,0x00000000eab00000,0x00000000ec080000)
  from space 512K, 99% used [0x00000000ec700000,0x00000000ec77f9a0,0x00000000ec780000)
  to   space 2048K, 0% used [0x00000000ec380000,0x00000000ec380000,0x00000000ec580000)
 ParOldGen       total 68608K, used 18458K [0x00000000c0000000, 0x00000000c4300000, 0x00000000eab00000)
  object space 68608K, 26% used [0x00000000c0000000,0x00000000c1206a20,0x00000000c4300000)
 Metaspace       used 37757K, committed 38720K, reserved 1114112K
  class space    used 3875K, committed 4288K, reserved 1048576K
}
Event: 28.643 GC heap before
{Heap before GC invocations=17 (full 2):
 PSYoungGen      total 22528K, used 22526K [0x00000000eab00000, 0x00000000ec780000, 0x0000000100000000)
  eden space 22016K, 100% used [0x00000000eab00000,0x00000000ec080000,0x00000000ec080000)
  from space 512K, 99% used [0x00000000ec700000,0x00000000ec77f9a0,0x00000000ec780000)
  to   space 2048K, 0% used [0x00000000ec380000,0x00000000ec380000,0x00000000ec580000)
 ParOldGen       total 68608K, used 18458K [0x00000000c0000000, 0x00000000c4300000, 0x00000000eab00000)
  object space 68608K, 26% used [0x00000000c0000000,0x00000000c1206a20,0x00000000c4300000)
 Metaspace       used 40417K, committed 41536K, reserved 1114112K
  class space    used 4198K, committed 4672K, reserved 1048576K
}
Event: 28.647 GC heap after
{Heap after GC invocations=17 (full 2):
 PSYoungGen      total 24064K, used 2018K [0x00000000eab00000, 0x00000000ec880000, 0x0000000100000000)
  eden space 22016K, 0% used [0x00000000eab00000,0x00000000eab00000,0x00000000ec080000)
  from space 2048K, 98% used [0x00000000ec380000,0x00000000ec578a78,0x00000000ec580000)
  to   space 3072K, 0% used [0x00000000ec580000,0x00000000ec580000,0x00000000ec880000)
 ParOldGen       total 68608K, used 20059K [0x00000000c0000000, 0x00000000c4300000, 0x00000000eab00000)
  object space 68608K, 29% used [0x00000000c0000000,0x00000000c1396f18,0x00000000c4300000)
 Metaspace       used 40417K, committed 41536K, reserved 1114112K
  class space    used 4198K, committed 4672K, reserved 1048576K
}
Event: 29.107 GC heap before
{Heap before GC invocations=18 (full 2):
 PSYoungGen      total 24064K, used 24034K [0x00000000eab00000, 0x00000000ec880000, 0x0000000100000000)
  eden space 22016K, 100% used [0x00000000eab00000,0x00000000ec080000,0x00000000ec080000)
  from space 2048K, 98% used [0x00000000ec380000,0x00000000ec578a78,0x00000000ec580000)
  to   space 3072K, 0% used [0x00000000ec580000,0x00000000ec580000,0x00000000ec880000)
 ParOldGen       total 68608K, used 20059K [0x00000000c0000000, 0x00000000c4300000, 0x00000000eab00000)
  object space 68608K, 29% used [0x00000000c0000000,0x00000000c1396f18,0x00000000c4300000)
 Metaspace       used 43646K, committed 44736K, reserved 1114112K
  class space    used 4593K, committed 5056K, reserved 1048576K
}
Event: 29.111 GC heap after
{Heap after GC invocations=18 (full 2):
 PSYoungGen      total 23552K, used 1408K [0x00000000eab00000, 0x00000000ec700000, 0x0000000100000000)
  eden space 22016K, 0% used [0x00000000eab00000,0x00000000eab00000,0x00000000ec080000)
  from space 1536K, 91% used [0x00000000ec580000,0x00000000ec6e0000,0x00000000ec700000)
  to   space 2560K, 0% used [0x00000000ec200000,0x00000000ec200000,0x00000000ec480000)
 ParOldGen       total 68608K, used 21637K [0x00000000c0000000, 0x00000000c4300000, 0x00000000eab00000)
  object space 68608K, 31% used [0x00000000c0000000,0x00000000c1521488,0x00000000c4300000)
 Metaspace       used 43646K, committed 44736K, reserved 1114112K
  class space    used 4593K, committed 5056K, reserved 1048576K
}
Event: 30.591 GC heap before
{Heap before GC invocations=19 (full 2):
 PSYoungGen      total 23552K, used 23424K [0x00000000eab00000, 0x00000000ec700000, 0x0000000100000000)
  eden space 22016K, 100% used [0x00000000eab00000,0x00000000ec080000,0x00000000ec080000)
  from space 1536K, 91% used [0x00000000ec580000,0x00000000ec6e0000,0x00000000ec700000)
  to   space 2560K, 0% used [0x00000000ec200000,0x00000000ec200000,0x00000000ec480000)
 ParOldGen       total 68608K, used 21637K [0x00000000c0000000, 0x00000000c4300000, 0x00000000eab00000)
  object space 68608K, 31% used [0x00000000c0000000,0x00000000c1521488,0x00000000c4300000)
 Metaspace       used 46815K, committed 47872K, reserved 1114112K
  class space    used 4991K, committed 5504K, reserved 1048576K
}
Event: 30.595 GC heap after
{Heap after GC invocations=19 (full 2):
 PSYoungGen      total 24576K, used 1236K [0x00000000eab00000, 0x00000000ec600000, 0x0000000100000000)
  eden space 22016K, 0% used [0x00000000eab00000,0x00000000eab00000,0x00000000ec080000)
  from space 2560K, 48% used [0x00000000ec200000,0x00000000ec3350b8,0x00000000ec480000)
  to   space 1536K, 0% used [0x00000000ec480000,0x00000000ec480000,0x00000000ec600000)
 ParOldGen       total 68608K, used 22937K [0x00000000c0000000, 0x00000000c4300000, 0x00000000eab00000)
  object space 68608K, 33% used [0x00000000c0000000,0x00000000c1666498,0x00000000c4300000)
 Metaspace       used 46815K, committed 47872K, reserved 1114112K
  class space    used 4991K, committed 5504K, reserved 1048576K
}

Dll operation events (14 events):
Event: 0.035 Loaded shared library c:\Users\SANJU\.vscode\extensions\redhat.java-1.41.1-win32-x64\jre\21.0.6-win32-x86_64\bin\java.dll
Event: 0.328 Loaded shared library c:\Users\SANJU\.vscode\extensions\redhat.java-1.41.1-win32-x64\jre\21.0.6-win32-x86_64\bin\zip.dll
Event: 0.403 Loaded shared library C:\Users\SANJU\.vscode\extensions\redhat.java-1.41.1-win32-x64\jre\21.0.6-win32-x86_64\bin\instrument.dll
Event: 0.455 Loaded shared library C:\Users\SANJU\.vscode\extensions\redhat.java-1.41.1-win32-x64\jre\21.0.6-win32-x86_64\bin\net.dll
Event: 0.461 Loaded shared library C:\Users\SANJU\.vscode\extensions\redhat.java-1.41.1-win32-x64\jre\21.0.6-win32-x86_64\bin\nio.dll
Event: 0.468 Loaded shared library C:\Users\SANJU\.vscode\extensions\redhat.java-1.41.1-win32-x64\jre\21.0.6-win32-x86_64\bin\zip.dll
Event: 0.535 Loaded shared library C:\Users\SANJU\.vscode\extensions\redhat.java-1.41.1-win32-x64\jre\21.0.6-win32-x86_64\bin\jimage.dll
Event: 1.010 Loaded shared library c:\Users\SANJU\.vscode\extensions\redhat.java-1.41.1-win32-x64\jre\21.0.6-win32-x86_64\bin\verify.dll
Event: 10.048 Loaded shared library C:\Users\SANJU\AppData\Roaming\Code\User\globalStorage\redhat.java\1.41.1\config_win\org.eclipse.equinox.launcher\org.eclipse.equinox.launcher.win32.win32.x86_64_1.2.1300.v20250331-1702\eclipse_11911.dll
Event: 17.937 Loaded shared library C:\Users\SANJU\.vscode\extensions\redhat.java-1.41.1-win32-x64\jre\21.0.6-win32-x86_64\bin\management.dll
Event: 17.940 Loaded shared library C:\Users\SANJU\.vscode\extensions\redhat.java-1.41.1-win32-x64\jre\21.0.6-win32-x86_64\bin\management_ext.dll
Event: 27.422 Loaded shared library C:\Users\SANJU\AppData\Local\Temp\jna-78665995\jna925976151567010596.dll
Event: 27.884 Loaded shared library C:\Users\SANJU\.vscode\extensions\redhat.java-1.41.1-win32-x64\jre\21.0.6-win32-x86_64\bin\sunmscapi.dll
Event: 29.578 Loaded shared library C:\Users\SANJU\.vscode\extensions\redhat.java-1.41.1-win32-x64\jre\21.0.6-win32-x86_64\bin\extnet.dll

Deoptimization events (20 events):
Event: 30.747 Thread 0x0000019199c155b0 Uncommon trap: trap_request=0xffffff45 fr.pc=0x0000019146a2c4b4 relative=0x00000000000019d4
Event: 30.747 Thread 0x0000019199c155b0 Uncommon trap: reason=unstable_if action=reinterpret pc=0x0000019146a2c4b4 method=sun.nio.cs.StreamDecoder.implRead([CII)I @ 36 c2
Event: 30.747 Thread 0x0000019199c155b0 DEOPT PACKING pc=0x0000019146a2c4b4 sp=0x0000000c72cfe6e0
Event: 30.747 Thread 0x0000019199c155b0 DEOPT UNPACKING pc=0x00000191462c6da2 sp=0x0000000c72cfe588 mode 2
Event: 30.797 Thread 0x0000019199c155b0 Uncommon trap: trap_request=0xffffff45 fr.pc=0x000001914699bb38 relative=0x0000000000001558
Event: 30.797 Thread 0x0000019199c155b0 Uncommon trap: reason=unstable_if action=reinterpret pc=0x000001914699bb38 method=sun.nio.fs.WindowsPathParser.isSlash(C)Z @ 9 c2
Event: 30.797 Thread 0x0000019199c155b0 DEOPT PACKING pc=0x000001914699bb38 sp=0x0000000c72cfe3c0
Event: 30.797 Thread 0x0000019199c155b0 DEOPT UNPACKING pc=0x00000191462c6da2 sp=0x0000000c72cfe360 mode 2
Event: 30.797 Thread 0x0000019199c155b0 Uncommon trap: trap_request=0xffffff45 fr.pc=0x00000191468d386c relative=0x000000000000004c
Event: 30.797 Thread 0x0000019199c155b0 Uncommon trap: reason=unstable_if action=reinterpret pc=0x00000191468d386c method=sun.nio.fs.WindowsPathParser.isSlash(C)Z @ 9 c2
Event: 30.797 Thread 0x0000019199c155b0 DEOPT PACKING pc=0x00000191468d386c sp=0x0000000c72cfe3d0
Event: 30.797 Thread 0x0000019199c155b0 DEOPT UNPACKING pc=0x00000191462c6da2 sp=0x0000000c72cfe358 mode 2
Event: 30.821 Thread 0x0000019199c155b0 DEOPT PACKING pc=0x000001913f118359 sp=0x0000000c72cfdc70
Event: 30.821 Thread 0x0000019199c155b0 DEOPT UNPACKING pc=0x00000191462c78e2 sp=0x0000000c72cfd108 mode 0
Event: 30.996 Thread 0x0000019199c155b0 DEOPT PACKING pc=0x000001913f1faf9f sp=0x0000000c72cfe2b0
Event: 30.996 Thread 0x0000019199c155b0 DEOPT UNPACKING pc=0x00000191462c78e2 sp=0x0000000c72cfd788 mode 0
Event: 31.017 Thread 0x0000019199c155b0 Uncommon trap: trap_request=0xffffff45 fr.pc=0x0000019146ae9d7c relative=0x000000000000033c
Event: 31.017 Thread 0x0000019199c155b0 Uncommon trap: reason=unstable_if action=reinterpret pc=0x0000019146ae9d7c method=java.io.ByteArrayInputStream.read([BII)I @ 16 c2
Event: 31.017 Thread 0x0000019199c155b0 DEOPT PACKING pc=0x0000019146ae9d7c sp=0x0000000c72cfd930
Event: 31.017 Thread 0x0000019199c155b0 DEOPT UNPACKING pc=0x00000191462c6da2 sp=0x0000000c72cfd8d0 mode 2

Classes loaded (20 events):
Event: 30.913 Loading class sun/nio/ch/Interruptible
Event: 30.914 Loading class sun/nio/ch/Interruptible done
Event: 30.914 Loading class java/nio/channels/spi/AbstractInterruptibleChannel$1 done
Event: 30.920 Loading class java/util/stream/Streams$1
Event: 30.921 Loading class java/util/stream/Streams$1 done
Event: 30.921 Loading class java/nio/file/FileChannelLinesSpliterator$1
Event: 30.922 Loading class java/nio/file/FileChannelLinesSpliterator$1 done
Event: 31.052 Loading class java/util/concurrent/CompletableFuture$AltResult
Event: 31.052 Loading class java/util/concurrent/CompletableFuture$AltResult done
Event: 31.052 Loading class java/util/concurrent/CompletableFuture$Completion
Event: 31.052 Loading class java/util/concurrent/CompletableFuture$AsynchronousCompletionTask
Event: 31.052 Loading class java/util/concurrent/CompletableFuture$AsynchronousCompletionTask done
Event: 31.052 Loading class java/util/concurrent/CompletableFuture$Completion done
Event: 31.068 Loading class sun/nio/ch/WindowsAsynchronousFileChannelImpl$WriteTask
Event: 31.069 Loading class sun/nio/ch/WindowsAsynchronousFileChannelImpl$WriteTask done
Event: 31.582 Loading class sun/security/ssl/Plaintext
Event: 31.582 Loading class sun/security/ssl/Plaintext done
Event: 31.582 Loading class sun/security/ssl/TransportContext$1
Event: 31.582 Loading class sun/security/ssl/TransportContext$1 done
Event: 31.582 Loading class sun/security/ssl/ServerHello$ServerHelloMessage

Classes unloaded (7 events):
Event: 20.744 Thread 0x000001913bb3cec0 Unloading class 0x000001915219bc00 'java/lang/invoke/LambdaForm$MH+0x000001915219bc00'
Event: 20.744 Thread 0x000001913bb3cec0 Unloading class 0x000001915219b800 'java/lang/invoke/LambdaForm$MH+0x000001915219b800'
Event: 20.744 Thread 0x000001913bb3cec0 Unloading class 0x000001915219b400 'java/lang/invoke/LambdaForm$MH+0x000001915219b400'
Event: 20.744 Thread 0x000001913bb3cec0 Unloading class 0x000001915219b000 'java/lang/invoke/LambdaForm$MH+0x000001915219b000'
Event: 20.744 Thread 0x000001913bb3cec0 Unloading class 0x000001915219ac00 'java/lang/invoke/LambdaForm$BMH+0x000001915219ac00'
Event: 20.744 Thread 0x000001913bb3cec0 Unloading class 0x000001915219a800 'java/lang/invoke/LambdaForm$DMH+0x000001915219a800'
Event: 20.744 Thread 0x000001913bb3cec0 Unloading class 0x0000019152199400 'java/lang/invoke/LambdaForm$DMH+0x0000019152199400'

Classes redefined (0 events):
No events

Internal exceptions (20 events):
Event: 30.986 Thread 0x0000019199c155b0 Exception <a 'sun/nio/fs/WindowsException'{0x00000000eafb6158}> (0x00000000eafb6158) 
thrown [s\src\hotspot\share\prims\jni.cpp, line 520]
Event: 30.986 Thread 0x0000019199c155b0 Exception <a 'sun/nio/fs/WindowsException'{0x00000000eafb6c58}> (0x00000000eafb6c58) 
thrown [s\src\hotspot\share\prims\jni.cpp, line 520]
Event: 30.995 Thread 0x0000019199c155b0 Exception <a 'sun/nio/fs/WindowsException'{0x00000000eafe5100}> (0x00000000eafe5100) 
thrown [s\src\hotspot\share\prims\jni.cpp, line 520]
Event: 30.995 Thread 0x0000019199c155b0 Exception <a 'sun/nio/fs/WindowsException'{0x00000000eafe5c00}> (0x00000000eafe5c00) 
thrown [s\src\hotspot\share\prims\jni.cpp, line 520]
Event: 30.996 Thread 0x0000019199c155b0 Exception <a 'sun/nio/fs/WindowsException'{0x00000000eafe6ed0}> (0x00000000eafe6ed0) 
thrown [s\src\hotspot\share\prims\jni.cpp, line 520]
Event: 30.996 Thread 0x0000019199c155b0 Exception <a 'sun/nio/fs/WindowsException'{0x00000000eafe79d0}> (0x00000000eafe79d0) 
thrown [s\src\hotspot\share\prims\jni.cpp, line 520]
Event: 31.007 Thread 0x0000019199c155b0 Exception <a 'java/lang/NoSuchMethodError'{0x00000000eb061eb8}: 'void java.lang.invoke.DirectMethodHandle$Holder.invokeVirtual(java.lang.Object, java.lang.Object, java.lang.Object, java.lang.Object)'> (0x00000000eb061eb8) 
thrown [s\src\hotspot\share\interpreter\linkResolver.cpp, line 773]
Event: 31.018 Thread 0x0000019199c155b0 Exception <a 'sun/nio/fs/WindowsException'{0x00000000eb0aef10}> (0x00000000eb0aef10) 
thrown [s\src\hotspot\share\prims\jni.cpp, line 520]
Event: 31.019 Thread 0x0000019199c155b0 Exception <a 'sun/nio/fs/WindowsException'{0x00000000eb0afa10}> (0x00000000eb0afa10) 
thrown [s\src\hotspot\share\prims\jni.cpp, line 520]
Event: 31.031 Thread 0x0000019199c155b0 Exception <a 'sun/nio/fs/WindowsException'{0x00000000eb0f8218}> (0x00000000eb0f8218) 
thrown [s\src\hotspot\share\prims\jni.cpp, line 520]
Event: 31.031 Thread 0x0000019199c155b0 Exception <a 'sun/nio/fs/WindowsException'{0x00000000eb0f8d18}> (0x00000000eb0f8d18) 
thrown [s\src\hotspot\share\prims\jni.cpp, line 520]
Event: 31.048 Thread 0x0000019199c155b0 Exception <a 'sun/nio/fs/WindowsException'{0x00000000eb115cf8}> (0x00000000eb115cf8) 
thrown [s\src\hotspot\share\prims\jni.cpp, line 520]
Event: 31.059 Thread 0x0000019199c155b0 Exception <a 'sun/nio/fs/WindowsException'{0x00000000eb14ded0}> (0x00000000eb14ded0) 
thrown [s\src\hotspot\share\prims\jni.cpp, line 520]
Event: 31.060 Thread 0x0000019199c155b0 Exception <a 'sun/nio/fs/WindowsException'{0x00000000eb14e500}> (0x00000000eb14e500) 
thrown [s\src\hotspot\share\prims\jni.cpp, line 520]
Event: 31.061 Thread 0x0000019199c155b0 Exception <a 'sun/nio/fs/WindowsException'{0x00000000eb14ee20}> (0x00000000eb14ee20) 
thrown [s\src\hotspot\share\prims\jni.cpp, line 520]
Event: 31.061 Thread 0x0000019199c155b0 Exception <a 'sun/nio/fs/WindowsException'{0x00000000eb14f700}> (0x00000000eb14f700) 
thrown [s\src\hotspot\share\prims\jni.cpp, line 520]
Event: 31.070 Thread 0x0000019199c155b0 Exception <a 'sun/nio/fs/WindowsException'{0x00000000eb174140}> (0x00000000eb174140) 
thrown [s\src\hotspot\share\prims\jni.cpp, line 520]
Event: 31.070 Thread 0x0000019199c155b0 Exception <a 'sun/nio/fs/WindowsException'{0x00000000eb184140}> (0x00000000eb184140) 
thrown [s\src\hotspot\share\prims\jni.cpp, line 520]
Event: 31.078 Thread 0x0000019199c155b0 Exception <a 'sun/nio/fs/WindowsException'{0x00000000eb1b1378}> (0x00000000eb1b1378) 
thrown [s\src\hotspot\share\prims\jni.cpp, line 520]
Event: 31.078 Thread 0x0000019199c155b0 Exception <a 'sun/nio/fs/WindowsException'{0x00000000eb1b1c58}> (0x00000000eb1b1c58) 
thrown [s\src\hotspot\share\prims\jni.cpp, line 520]

ZGC Phase Switch (0 events):
No events

VM Operations (20 events):
Event: 28.801 Executing VM operation: HandshakeAllThreads (Deoptimize)
Event: 28.817 Executing VM operation: HandshakeAllThreads (Deoptimize) done
Event: 28.963 Executing VM operation: HandshakeAllThreads (Deoptimize)
Event: 28.971 Executing VM operation: HandshakeAllThreads (Deoptimize) done
Event: 29.036 Executing VM operation: HandshakeAllThreads (Deoptimize)
Event: 29.037 Executing VM operation: HandshakeAllThreads (Deoptimize) done
Event: 29.103 Executing VM operation: ParallelGCFailedAllocation (Allocation Failure)
Event: 29.111 Executing VM operation: ParallelGCFailedAllocation (Allocation Failure) done
Event: 29.307 Executing VM operation: HandshakeAllThreads (Deoptimize)
Event: 29.307 Executing VM operation: HandshakeAllThreads (Deoptimize) done
Event: 29.309 Executing VM operation: HandshakeAllThreads (Deoptimize)
Event: 29.309 Executing VM operation: HandshakeAllThreads (Deoptimize) done
Event: 30.206 Executing VM operation: HandshakeAllThreads (Deoptimize)
Event: 30.207 Executing VM operation: HandshakeAllThreads (Deoptimize) done
Event: 30.207 Executing VM operation: Cleanup
Event: 30.207 Executing VM operation: Cleanup done
Event: 30.590 Executing VM operation: ParallelGCFailedAllocation (Allocation Failure)
Event: 30.595 Executing VM operation: ParallelGCFailedAllocation (Allocation Failure) done
Event: 30.760 Executing VM operation: HandshakeAllThreads (Deoptimize)
Event: 30.777 Executing VM operation: HandshakeAllThreads (Deoptimize) done

Memory protections (0 events):
No events

Nmethod flushes (20 events):
Event: 27.163 Thread 0x000001913bb3cec0 flushing  nmethod 0x000001913f3e1510
Event: 27.163 Thread 0x000001913bb3cec0 flushing  nmethod 0x000001913f3e2710
Event: 27.163 Thread 0x000001913bb3cec0 flushing  nmethod 0x000001913f3e2f10
Event: 27.163 Thread 0x000001913bb3cec0 flushing  nmethod 0x000001913f3e3690
Event: 27.163 Thread 0x000001913bb3cec0 flushing  nmethod 0x000001913f3e4c10
Event: 27.163 Thread 0x000001913bb3cec0 flushing  nmethod 0x000001913f3e5510
Event: 27.163 Thread 0x000001913bb3cec0 flushing  nmethod 0x000001913f3e6910
Event: 27.163 Thread 0x000001913bb3cec0 flushing  nmethod 0x000001913f3e7b10
Event: 27.163 Thread 0x000001913bb3cec0 flushing  nmethod 0x000001913f3e8010
Event: 27.163 Thread 0x000001913bb3cec0 flushing  nmethod 0x000001913f3f1010
Event: 27.163 Thread 0x000001913bb3cec0 flushing  nmethod 0x000001913f3f1810
Event: 27.163 Thread 0x000001913bb3cec0 flushing  nmethod 0x000001913f3f2790
Event: 27.163 Thread 0x000001913bb3cec0 flushing  nmethod 0x000001913f436b10
Event: 27.163 Thread 0x000001913bb3cec0 flushing  nmethod 0x000001913f437910
Event: 27.163 Thread 0x000001913bb3cec0 flushing  nmethod 0x000001913f443c90
Event: 27.163 Thread 0x000001913bb3cec0 flushing  nmethod 0x000001913f491490
Event: 27.163 Thread 0x000001913bb3cec0 flushing  nmethod 0x000001913f4bd110
Event: 27.163 Thread 0x000001913bb3cec0 flushing  nmethod 0x000001913f4c3110
Event: 27.163 Thread 0x000001913bb3cec0 flushing  nmethod 0x000001913f508490
Event: 27.163 Thread 0x000001913bb3cec0 flushing  nmethod 0x000001913f557e90

Events (20 events):
Event: 20.712 Thread 0x00000191973f5b40 Thread added: 0x00000191973f54b0
Event: 24.710 Thread 0x00000191974be1f0 Thread exited: 0x00000191974be1f0
Event: 25.479 Thread 0x00000191978b6ef0 Thread added: 0x00000191973f82a0
Event: 25.892 Thread 0x0000019197c88030 Thread exited: 0x0000019197c88030
Event: 25.894 Thread 0x00000191973f5b40 Thread added: 0x00000191973f61d0
Event: 26.663 Thread 0x00000191506517d0 Thread added: 0x0000019198ee32d0
Event: 27.373 Thread 0x0000019198ee32d0 Thread exited: 0x0000019198ee32d0
Event: 27.452 Thread 0x00000191978b6ef0 Thread added: 0x00000191973f6860
Event: 27.748 Thread 0x00000191506517d0 Thread added: 0x00000191926c4fd0
Event: 27.958 Thread 0x00000191973f54b0 Thread added: 0x00000191973f7580
Event: 28.104 Thread 0x0000019139f37bf0 Thread added: 0x0000019199c14890
Event: 28.105 Thread 0x0000019139f37bf0 Thread added: 0x0000019199c16ff0
Event: 28.105 Thread 0x0000019139f37bf0 Thread added: 0x0000019199c162d0
Event: 28.105 Thread 0x0000019139f37bf0 Thread added: 0x0000019199c15c40
Event: 28.105 Thread 0x0000019139f37bf0 Thread added: 0x0000019199c14f20
Event: 28.183 Thread 0x0000019139f37bf0 Thread added: 0x0000019199c16960
Event: 29.112 Thread 0x0000019139f37bf0 Thread added: 0x0000019199c17680
Event: 29.112 Thread 0x0000019139f37bf0 Thread added: 0x0000019199c155b0
Event: 30.339 Thread 0x00000191926c4fd0 Thread exited: 0x00000191926c4fd0
Event: 30.400 Thread 0x00000191506517d0 Thread added: 0x000001919276ba20


Dynamic libraries:
0x00007ff61d0d0000 - 0x00007ff61d0de000 	c:\Users\SANJU\.vscode\extensions\redhat.java-1.41.1-win32-x64\jre\21.0.6-win32-x86_64\bin\java.exe
0x00007ffd57760000 - 0x00007ffd579c6000 	C:\WINDOWS\SYSTEM32\ntdll.dll
0x00007ffd56db0000 - 0x00007ffd56e79000 	C:\WINDOWS\System32\KERNEL32.DLL
0x00007ffd54a70000 - 0x00007ffd54e3c000 	C:\WINDOWS\System32\KERNELBASE.dll
0x00007ffd55340000 - 0x00007ffd5548b000 	C:\WINDOWS\System32\ucrtbase.dll
0x00007ffd4d470000 - 0x00007ffd4d488000 	c:\Users\SANJU\.vscode\extensions\redhat.java-1.41.1-win32-x64\jre\21.0.6-win32-x86_64\bin\jli.dll
0x00007ffd574c0000 - 0x00007ffd5768a000 	C:\WINDOWS\System32\USER32.dll
0x00007ffd54fb0000 - 0x00007ffd54fd7000 	C:\WINDOWS\System32\win32u.dll
0x00007ffd56c90000 - 0x00007ffd56cbb000 	C:\WINDOWS\System32\GDI32.dll
0x00007ffd55080000 - 0x00007ffd551b2000 	C:\WINDOWS\System32\gdi32full.dll
0x00007ffd54e40000 - 0x00007ffd54ee3000 	C:\WINDOWS\System32\msvcp_win.dll
0x00007ffd47bf0000 - 0x00007ffd47c0e000 	c:\Users\SANJU\.vscode\extensions\redhat.java-1.41.1-win32-x64\jre\21.0.6-win32-x86_64\bin\VCRUNTIME140.dll
0x00007ffd41490000 - 0x00007ffd4172a000 	C:\WINDOWS\WinSxS\amd64_microsoft.windows.common-controls_6595b64144ccf1df_6.0.26100.3912_none_3e07963ce335137e\COMCTL32.dll
0x00007ffd572e0000 - 0x00007ffd57389000 	C:\WINDOWS\System32\msvcrt.dll
0x00007ffd564f0000 - 0x00007ffd56520000 	C:\WINDOWS\System32\IMM32.DLL
0x00007ffd4ecd0000 - 0x00007ffd4ecdc000 	c:\Users\SANJU\.vscode\extensions\redhat.java-1.41.1-win32-x64\jre\21.0.6-win32-x86_64\bin\vcruntime140_1.dll
0x00007ffd3fdb0000 - 0x00007ffd3fe3d000 	c:\Users\SANJU\.vscode\extensions\redhat.java-1.41.1-win32-x64\jre\21.0.6-win32-x86_64\bin\msvcp140.dll
0x00007ffd06620000 - 0x00007ffd073b0000 	c:\Users\SANJU\.vscode\extensions\redhat.java-1.41.1-win32-x64\jre\21.0.6-win32-x86_64\bin\server\jvm.dll
0x00007ffd55a80000 - 0x00007ffd55b32000 	C:\WINDOWS\System32\ADVAPI32.dll
0x00007ffd55950000 - 0x00007ffd559f6000 	C:\WINDOWS\System32\sechost.dll
0x00007ffd57390000 - 0x00007ffd574a6000 	C:\WINDOWS\System32\RPCRT4.dll
0x00007ffd55b40000 - 0x00007ffd55bb4000 	C:\WINDOWS\System32\WS2_32.dll
0x00007ffd54760000 - 0x00007ffd547be000 	C:\WINDOWS\SYSTEM32\POWRPROF.dll
0x00007ffd3ddb0000 - 0x00007ffd3dde6000 	C:\WINDOWS\SYSTEM32\WINMM.dll
0x00007ffd47a60000 - 0x00007ffd47a6b000 	C:\WINDOWS\SYSTEM32\VERSION.dll
0x00007ffd54740000 - 0x00007ffd54754000 	C:\WINDOWS\SYSTEM32\UMPDC.dll
0x00007ffd536b0000 - 0x00007ffd536ca000 	C:\WINDOWS\SYSTEM32\kernel.appcore.dll
0x00007ffd4d460000 - 0x00007ffd4d46a000 	c:\Users\SANJU\.vscode\extensions\redhat.java-1.41.1-win32-x64\jre\21.0.6-win32-x86_64\bin\jimage.dll
0x00007ffd52050000 - 0x00007ffd52291000 	C:\WINDOWS\SYSTEM32\DBGHELP.DLL
0x00007ffd56f50000 - 0x00007ffd572d4000 	C:\WINDOWS\System32\combase.dll
0x00007ffd56cc0000 - 0x00007ffd56da0000 	C:\WINDOWS\System32\OLEAUT32.dll
0x00007ffd384b0000 - 0x00007ffd384e9000 	C:\WINDOWS\SYSTEM32\dbgcore.DLL
0x00007ffd54fe0000 - 0x00007ffd55079000 	C:\WINDOWS\System32\bcryptPrimitives.dll
0x00007ffd48800000 - 0x00007ffd4880f000 	c:\Users\SANJU\.vscode\extensions\redhat.java-1.41.1-win32-x64\jre\21.0.6-win32-x86_64\bin\instrument.dll
0x00007ffd47ac0000 - 0x00007ffd47adf000 	c:\Users\SANJU\.vscode\extensions\redhat.java-1.41.1-win32-x64\jre\21.0.6-win32-x86_64\bin\java.dll
0x00007ffd55dc0000 - 0x00007ffd564ed000 	C:\WINDOWS\System32\SHELL32.dll
0x00007ffd548f0000 - 0x00007ffd54a64000 	C:\WINDOWS\System32\wintypes.dll
0x00007ffd525a0000 - 0x00007ffd52df6000 	C:\WINDOWS\SYSTEM32\windows.storage.dll
0x00007ffd56b70000 - 0x00007ffd56c5f000 	C:\WINDOWS\System32\SHCORE.dll
0x00007ffd55a10000 - 0x00007ffd55a79000 	C:\WINDOWS\System32\shlwapi.dll
0x00007ffd54800000 - 0x00007ffd5482f000 	C:\WINDOWS\SYSTEM32\profapi.dll
0x00007ffd45f30000 - 0x00007ffd45f48000 	c:\Users\SANJU\.vscode\extensions\redhat.java-1.41.1-win32-x64\jre\21.0.6-win32-x86_64\bin\zip.dll
0x00007ffd47e40000 - 0x00007ffd47e50000 	C:\Users\SANJU\.vscode\extensions\redhat.java-1.41.1-win32-x64\jre\21.0.6-win32-x86_64\bin\net.dll
0x00007ffd477f0000 - 0x00007ffd4790e000 	C:\WINDOWS\SYSTEM32\WINHTTP.dll
0x00007ffd53c20000 - 0x00007ffd53c8a000 	C:\WINDOWS\system32\mswsock.dll
0x00007ffd44010000 - 0x00007ffd44026000 	C:\Users\SANJU\.vscode\extensions\redhat.java-1.41.1-win32-x64\jre\21.0.6-win32-x86_64\bin\nio.dll
0x00007ffd45870000 - 0x00007ffd45880000 	c:\Users\SANJU\.vscode\extensions\redhat.java-1.41.1-win32-x64\jre\21.0.6-win32-x86_64\bin\verify.dll
0x00007ffd296b0000 - 0x00007ffd296f5000 	C:\Users\SANJU\AppData\Roaming\Code\User\globalStorage\redhat.java\1.41.1\config_win\org.eclipse.equinox.launcher\org.eclipse.equinox.launcher.win32.win32.x86_64_1.2.1300.v20250331-1702\eclipse_11911.dll
0x00007ffd56530000 - 0x00007ffd566cf000 	C:\WINDOWS\System32\ole32.dll
0x00007ffd45780000 - 0x00007ffd4578a000 	C:\Users\SANJU\.vscode\extensions\redhat.java-1.41.1-win32-x64\jre\21.0.6-win32-x86_64\bin\management.dll
0x00007ffd44e70000 - 0x00007ffd44e7b000 	C:\Users\SANJU\.vscode\extensions\redhat.java-1.41.1-win32-x64\jre\21.0.6-win32-x86_64\bin\management_ext.dll
0x00007ffd574b0000 - 0x00007ffd574b8000 	C:\WINDOWS\System32\PSAPI.DLL
0x00007ffd53ec0000 - 0x00007ffd53edc000 	C:\WINDOWS\SYSTEM32\CRYPTSP.dll
0x00007ffd53610000 - 0x00007ffd5364a000 	C:\WINDOWS\system32\rsaenh.dll
0x00007ffd53cc0000 - 0x00007ffd53ceb000 	C:\WINDOWS\SYSTEM32\USERENV.dll
0x00007ffd547d0000 - 0x00007ffd547f6000 	C:\WINDOWS\SYSTEM32\bcrypt.dll
0x00007ffd53ee0000 - 0x00007ffd53eec000 	C:\WINDOWS\SYSTEM32\CRYPTBASE.dll
0x00007ffd530f0000 - 0x00007ffd53123000 	C:\WINDOWS\SYSTEM32\IPHLPAPI.DLL
0x00007ffd55a00000 - 0x00007ffd55a0a000 	C:\WINDOWS\System32\NSI.dll
0x00007ffd36cc0000 - 0x00007ffd36d09000 	C:\Users\SANJU\AppData\Local\Temp\jna-78665995\jna925976151567010596.dll
0x00007ffd47a70000 - 0x00007ffd47a8f000 	C:\WINDOWS\SYSTEM32\dhcpcsvc6.DLL
0x00007ffd47750000 - 0x00007ffd47775000 	C:\WINDOWS\SYSTEM32\dhcpcsvc.DLL
0x00007ffd436b0000 - 0x00007ffd436be000 	C:\Users\SANJU\.vscode\extensions\redhat.java-1.41.1-win32-x64\jre\21.0.6-win32-x86_64\bin\sunmscapi.dll
0x00007ffd551c0000 - 0x00007ffd55337000 	C:\WINDOWS\System32\CRYPT32.dll
0x00007ffd540d0000 - 0x00007ffd54100000 	C:\WINDOWS\SYSTEM32\ncrypt.dll
0x00007ffd54080000 - 0x00007ffd540bf000 	C:\WINDOWS\SYSTEM32\NTASN1.dll
0x00007ffd531e0000 - 0x00007ffd53307000 	C:\WINDOWS\SYSTEM32\DNSAPI.dll
0x00007ffd45510000 - 0x00007ffd4551b000 	C:\Windows\System32\rasadhlp.dll
0x00007ffd463a0000 - 0x00007ffd46426000 	C:\WINDOWS\System32\fwpuclnt.dll
0x00007ffd43270000 - 0x00007ffd43279000 	C:\Users\SANJU\.vscode\extensions\redhat.java-1.41.1-win32-x64\jre\21.0.6-win32-x86_64\bin\extnet.dll

dbghelp: loaded successfully - version: 4.0.5 - missing functions: none
symbol engine: initialized successfully - sym options: 0x614 - pdb path: .;c:\Users\SANJU\.vscode\extensions\redhat.java-1.41.1-win32-x64\jre\21.0.6-win32-x86_64\bin;C:\WINDOWS\SYSTEM32;C:\WINDOWS\WinSxS\amd64_microsoft.windows.common-controls_6595b64144ccf1df_6.0.26100.3912_none_3e07963ce335137e;c:\Users\SANJU\.vscode\extensions\redhat.java-1.41.1-win32-x64\jre\21.0.6-win32-x86_64\bin\server;C:\Users\SANJU\AppData\Roaming\Code\User\globalStorage\redhat.java\1.41.1\config_win\org.eclipse.equinox.launcher\org.eclipse.equinox.launcher.win32.win32.x86_64_1.2.1300.v20250331-1702;C:\Users\SANJU\AppData\Local\Temp\jna-78665995

VM Arguments:
jvm_args: --add-modules=ALL-SYSTEM --add-opens=java.base/java.util=ALL-UNNAMED --add-opens=java.base/java.lang=ALL-UNNAMED --add-opens=java.base/sun.nio.fs=ALL-UNNAMED -Declipse.application=org.eclipse.jdt.ls.core.id1 -Dosgi.bundles.defaultStartLevel=4 -Declipse.product=org.eclipse.jdt.ls.core.product -Djava.import.generatesMetadataFilesAtProjectRoot=false -DDetectVMInstallationsJob.disabled=true -Dfile.encoding=utf8 -XX:+UseParallelGC -XX:GCTimeRatio=4 -XX:AdaptiveSizePolicyWeight=90 -Dsun.zip.disableMemoryMapping=true -Xmx1G -Xms100m -Xlog:disable -javaagent:c:\Users\SANJU\.vscode\extensions\redhat.java-1.41.1-win32-x64\lombok\lombok-1.18.36.jar -XX:+HeapDumpOnOutOfMemoryError -XX:HeapDumpPath=c:\Users\SANJU\AppData\Roaming\Code\User\workspaceStorage\ee656b20cc33f40c5e6015df986231a5\redhat.java -Daether.dependencyCollector.impl=bf 
java_command: c:\Users\SANJU\.vscode\extensions\redhat.java-1.41.1-win32-x64\server\plugins\org.eclipse.equinox.launcher_1.7.0.v20250331-1702.jar -configuration c:\Users\SANJU\AppData\Roaming\Code\User\globalStorage\redhat.java\1.41.1\config_win -data c:\Users\SANJU\AppData\Roaming\Code\User\workspaceStorage\ee656b20cc33f40c5e6015df986231a5\redhat.java\jdt_ws --pipe=\\.\pipe\lsp-71fd3362846507d12d660bba2b7d24a4-sock
java_class_path (initial): c:\Users\SANJU\.vscode\extensions\redhat.java-1.41.1-win32-x64\server\plugins\org.eclipse.equinox.launcher_1.7.0.v20250331-1702.jar
Launcher Type: SUN_STANDARD

[Global flags]
    uintx AdaptiveSizePolicyWeight                 = 90                                        {product} {command line}
     intx CICompilerCount                          = 3                                         {product} {ergonomic}
    uintx GCTimeRatio                              = 4                                         {product} {command line}
     bool HeapDumpOnOutOfMemoryError               = true                                   {manageable} {command line}
    ccstr HeapDumpPath                             = c:\Users\SANJU\AppData\Roaming\Code\User\workspaceStorage\ee656b20cc33f40c5e6015df986231a5\redhat.java         {manageable} {command line}
   size_t InitialHeapSize                          = 104857600                                 {product} {command line}
   size_t MaxHeapSize                              = 1073741824                                {product} {command line}
   size_t MaxNewSize                               = 357564416                                 {product} {ergonomic}
   size_t MinHeapDeltaBytes                        = 524288                                    {product} {ergonomic}
   size_t MinHeapSize                              = 104857600                                 {product} {command line}
   size_t NewSize                                  = 34603008                                  {product} {ergonomic}
    uintx NonNMethodCodeHeapSize                   = 5832780                                {pd product} {ergonomic}
    uintx NonProfiledCodeHeapSize                  = 122912730                              {pd product} {ergonomic}
   size_t OldSize                                  = 70254592                                  {product} {ergonomic}
    uintx ProfiledCodeHeapSize                     = 122912730                              {pd product} {ergonomic}
    uintx ReservedCodeCacheSize                    = 251658240                              {pd product} {ergonomic}
     bool SegmentedCodeCache                       = true                                      {product} {ergonomic}
   size_t SoftMaxHeapSize                          = 1073741824                             {manageable} {ergonomic}
     bool UseCompressedOops                        = true                           {product lp64_product} {ergonomic}
     bool UseLargePagesIndividualAllocation        = false                                  {pd product} {ergonomic}
     bool UseParallelGC                            = true                                      {product} {command line}

Logging:
Log output configuration:
 #0: stdout all=off uptime,level,tags foldmultilines=false
 #1: stderr all=off uptime,level,tags foldmultilines=false

Environment Variables:
PATH=C:\Program Files\Common Files\Oracle\Java\javapath;C:\WINDOWS\system32;C:\WINDOWS;C:\WINDOWS\System32\Wbem;C:\WINDOWS\System32\WindowsPowerShell\v1.0\;C:\WINDOWS\System32\OpenSSH\;C:\Program Files\Git\cmd;C:\Users\SANJU\AppData\Local\Programs\Python\Python311\Scripts\;C:\Users\SANJU\AppData\Local\Programs\Python\Python311\;C:\Users\SANJU\AppData\Local\Programs\Python\Python313\Scripts\;C:\Users\SANJU\AppData\Local\Programs\Python\Python313\;C:\Users\SANJU\AppData\Local\Microsoft\WindowsApps;C:\Users\SANJU\AppData\Local\Programs\Microsoft VS Code\bin;C:\Users\SANJU\AppData\Local\Programs\cursor\resources\app\bin
USERNAME=SANJU
OS=Windows_NT
PROCESSOR_IDENTIFIER=Intel64 Family 6 Model 126 Stepping 5, GenuineIntel
TMP=C:\Users\SANJU\AppData\Local\Temp
TEMP=C:\Users\SANJU\AppData\Local\Temp




Periodic native trim disabled

---------------  S Y S T E M  ---------------

OS:
 Windows 11 , 64 bit Build 26100 (10.0.26100.3912)
OS uptime: 0 days 10:38 hours

CPU: total 4 (initial active 4) (2 cores per cpu, 2 threads per core) family 6 model 126 stepping 5 microcode 0xa6, cx8, cmov, fxsr, ht, mmx, 3dnowpref, sse, sse2, sse3, ssse3, sse4.1, sse4.2, popcnt, lzcnt, tsc, tscinvbit, avx, avx2, aes, erms, clmul, bmi1, bmi2, adx, avx512f, avx512dq, avx512cd, avx512bw, avx512vl, sha, fma, vzeroupper, avx512_vpopcntdq, avx512_vpclmulqdq, avx512_vaes, avx512_vnni, clflush, clflushopt, avx512_vbmi2, avx512_vbmi, rdtscp, rdpid, fsrm, gfni, avx512_bitalg, f16c, pku, avx512_ifma
Processor Information for the first 4 processors :
  Max Mhz: 1201, Current Mhz: 1201, Mhz Limit: 1201

Memory: 4k page, system-wide physical 7932M (1413M free)
TotalPageFile size 7932M (AvailPageFile size 2M)
current process WorkingSet (physical memory assigned to process): 226M, peak: 226M
current process commit charge ("private bytes"): 295M, peak: 295M

vm_info: OpenJDK 64-Bit Server VM (21.0.6+7-LTS) for windows-amd64 JRE (21.0.6+7-LTS), built on 2025-01-21T00:00:00Z by "admin" with MS VC++ 17.7 (VS2022)

END.
