#
# There is insufficient memory for the Java Runtime Environment to continue.
# Native memory allocation (mmap) failed to map 65536 bytes. Error detail: Failed to commit metaspace.
# Possible reasons:
#   The system is out of physical RAM or swap space
#   This process is running with CompressedOops enabled, and the Java Heap may be blocking the growth of the native heap
# Possible solutions:
#   Reduce memory load on the system
#   Increase physical memory or swap space
#   Check if swap backing store is full
#   Decrease Java heap size (-Xmx/-Xms)
#   Decrease number of Java threads
#   Decrease Java thread stack sizes (-Xss)
#   Set larger code cache with -XX:ReservedCodeCacheSize=
#   JVM is running with Unscaled Compressed Oops mode in which the Java heap is
#     placed in the first 4GB address space. The Java Heap base address is the
#     maximum limit for the native heap growth. Please use -XX:HeapBaseMinAddress
#     to set the Java Heap base and to place the Java Heap above 4GB virtual address.
# This output file may be truncated or incomplete.
#
#  Out of Memory Error (virtualSpaceNode.cpp:113), pid=7896, tid=13384
#
# JRE version: OpenJDK Runtime Environment Temurin-21.0.6+7 (21.0.6+7) (build 21.0.6+7-LTS)
# Java VM: OpenJDK 64-Bit Server VM Temurin-21.0.6+7 (21.0.6+7-LTS, mixed mode, sharing, tiered, compressed oops, compressed class ptrs, parallel gc, windows-amd64)
# No core dump will be written. Minidumps are not enabled by default on client versions of Windows
#

---------------  S U M M A R Y ------------

Command Line: --add-modules=ALL-SYSTEM --add-opens=java.base/java.util=ALL-UNNAMED --add-opens=java.base/java.lang=ALL-UNNAMED --add-opens=java.base/sun.nio.fs=ALL-UNNAMED -Declipse.application=org.eclipse.jdt.ls.core.id1 -Dosgi.bundles.defaultStartLevel=4 -Declipse.product=org.eclipse.jdt.ls.core.product -Djava.import.generatesMetadataFilesAtProjectRoot=false -DDetectVMInstallationsJob.disabled=true -Dfile.encoding=utf8 -XX:+UseParallelGC -XX:GCTimeRatio=4 -XX:AdaptiveSizePolicyWeight=90 -Dsun.zip.disableMemoryMapping=true -Xmx1G -Xms100m -Xlog:disable -javaagent:c:\Users\SANJU\.vscode\extensions\redhat.java-1.41.1-win32-x64\lombok\lombok-1.18.36.jar c:\Users\SANJU\.vscode\extensions\redhat.java-1.41.1-win32-x64\server\plugins\org.eclipse.equinox.launcher_1.7.0.v20250331-1702.jar -configuration c:\Users\SANJU\AppData\Roaming\Code\User\globalStorage\redhat.java\1.41.1\config_ss_win -data c:\Users\SANJU\AppData\Roaming\Code\User\workspaceStorage\ee656b20cc33f40c5e6015df986231a5\redhat.java\ss_ws --pipe=\\.\pipe\lsp-826f70da437df60d54f7d06eac8ed63a-sock

Host: Intel(R) Core(TM) i3-1005G1 CPU @ 1.20GHz, 4 cores, 7G,  Windows 11 , 64 bit Build 26100 (10.0.26100.3912)
Time: Sun May 11 23:18:51 2025 India Standard Time elapsed time: 1.489872 seconds (0d 0h 0m 1s)

---------------  T H R E A D  ---------------

Current thread (0x000001e9198f95f0):  JavaThread "main"             [_thread_in_vm, id=13384, stack(0x0000003822500000,0x0000003822600000) (1024K)]

Stack: [0x0000003822500000,0x0000003822600000]
Native frames: (J=compiled Java code, j=interpreted, Vv=VM code, C=native code)
V  [jvm.dll+0x6cdee9]
V  [jvm.dll+0x8a83d1]
V  [jvm.dll+0x8aa8fe]
V  [jvm.dll+0x8aafe3]
V  [jvm.dll+0x27f706]
V  [jvm.dll+0x8a411e]
V  [jvm.dll+0x670385]
V  [jvm.dll+0x6703ea]
V  [jvm.dll+0x672bd2]
V  [jvm.dll+0x672aa2]
V  [jvm.dll+0x670d5e]
V  [jvm.dll+0x26a730]
V  [jvm.dll+0x216107]
V  [jvm.dll+0x20bb8e]
V  [jvm.dll+0x5ae3ec]
V  [jvm.dll+0x21d24a]
V  [jvm.dll+0x820d9c]
V  [jvm.dll+0x821dc4]
V  [jvm.dll+0x822392]
V  [jvm.dll+0x822018]
V  [jvm.dll+0x26cd7b]
V  [jvm.dll+0x3d479e]
C  0x000001e924039274

The last pc belongs to new (printed below).
Java frames: (J=compiled Java code, j=interpreted, Vv=VM code)
j  sun.security.util.SignatureFileVerifier.<init>(Ljava/util/ArrayList;Lsun/security/util/ManifestDigester;Ljava/lang/String;[B)V+29 java.base@21.0.6
j  java.util.jar.JarVerifier.processEntry(Lsun/security/util/ManifestEntryVerifier;)V+319 java.base@21.0.6
j  java.util.jar.JarVerifier.update(I[BIILsun/security/util/ManifestEntryVerifier;)V+39 java.base@21.0.6
j  java.util.jar.JarFile.initializeVerifier()V+164 java.base@21.0.6
j  java.util.jar.JarFile.ensureInitialization()V+36 java.base@21.0.6
j  java.util.jar.JavaUtilJarAccessImpl.ensureInitialization(Ljava/util/jar/JarFile;)V+1 java.base@21.0.6
j  jdk.internal.loader.URLClassPath$JarLoader$2.getManifest()Ljava/util/jar/Manifest;+10 java.base@21.0.6
j  jdk.internal.loader.BuiltinClassLoader.defineClass(Ljava/lang/String;Ljdk/internal/loader/Resource;)Ljava/lang/Class;+29 java.base@21.0.6
j  jdk.internal.loader.BuiltinClassLoader.findClassOnClassPathOrNull(Ljava/lang/String;)Ljava/lang/Class;+37 java.base@21.0.6
j  jdk.internal.loader.BuiltinClassLoader.loadClassOrNull(Ljava/lang/String;Z)Ljava/lang/Class;+111 java.base@21.0.6
j  jdk.internal.loader.BuiltinClassLoader.loadClass(Ljava/lang/String;Z)Ljava/lang/Class;+3 java.base@21.0.6
j  jdk.internal.loader.ClassLoaders$AppClassLoader.loadClass(Ljava/lang/String;Z)Ljava/lang/Class;+36 java.base@21.0.6
j  java.lang.ClassLoader.loadClass(Ljava/lang/String;)Ljava/lang/Class;+3 java.base@21.0.6
v  ~StubRoutines::call_stub 0x000001e9240210e7
j  java.lang.Class.forName0(Ljava/lang/String;ZLjava/lang/ClassLoader;Ljava/lang/Class;)Ljava/lang/Class;+0 java.base@21.0.6
j  java.lang.Class.forName(Ljava/lang/String;ZLjava/lang/ClassLoader;Ljava/lang/Class;)Ljava/lang/Class;+37 java.base@21.0.6
j  java.lang.Class.forName(Ljava/lang/String;ZLjava/lang/ClassLoader;)Ljava/lang/Class;+20 java.base@21.0.6
j  sun.launcher.LauncherHelper.loadMainClass(ILjava/lang/String;)Ljava/lang/Class;+95 java.base@21.0.6
j  sun.launcher.LauncherHelper.checkAndLoadMain(ZILjava/lang/String;)Ljava/lang/Class;+42 java.base@21.0.6
v  ~StubRoutines::call_stub 0x000001e9240210e7
new  187 new  [0x000001e9240390e0, 0x000001e9240392e8]  520 bytes
[MachCode]
  0x000001e9240390e0: 4883 ec08 | c5fa 1104 | 24eb 1f48 | 83ec 10c5 | fb11 0424 | eb14 4883 | ec10 4889 | 0424 48c7 
  0x000001e924039100: 4424 0800 | 0000 00eb | 0150 410f | b755 010f | cac1 ea10 | 488b 4de8 | 488b 4908 | 488b 4908 
  0x000001e924039120: 488b 4108 | 807c 1004 | 070f 85d3 | 0000 0066 | 8b54 d148 | 488b 4928 | 488b 4cd1 | 0851 80b9 
  0x000001e924039140: 2101 0000 | 040f 85b6 | 0000 008b | 5108 f6c2 | 010f 85aa | 0000 0049 | 8b87 b801 | 0000 488d 
  0x000001e924039160: 1c10 493b | 9fc8 0100 | 000f 8792 | 0000 0049 | 899f b801 | 0000 4883 | ea10 0f84 | 0f00 0000 
  0x000001e924039180: 33c9 c1ea | 0348 894c | d008 48ff | ca75 f648 | c700 0100 | 0000 5933 | f689 700c | 49ba 0000 
  0x000001e9240391a0: 002e e901 | 0000 492b | ca89 4808 | 49ba 365b | 2b07 fd7f | 0000 4180 | 3a00 0f84 | 3c00 0000 
  0x000001e9240391c0: 5048 8bc8 | 4883 ec20 | 40f6 c40f | 0f84 1900 | 0000 4883 | ec08 48b8 | 004c d506 | fd7f 0000 
  0x000001e9240391e0: ffd0 4883 | c408 e90c | 0000 0048 | b800 4cd5 | 06fd 7f00 | 00ff d048 | 83c4 2058 | e9cb 0000 
  0x000001e924039200: 0059 488b | 55e8 488b | 5208 488b | 5208 450f | b745 0141 | 0fc8 41c1 | e810 e805 | 0000 00e9 
  0x000001e924039220: a800 0000 | 488d 4424 | 084c 896d | c049 8bcf | c5f8 7749 | 89af a803 | 0000 4989 | 8798 0300 
  0x000001e924039240: 0048 83ec | 2040 f6c4 | 0f0f 8419 | 0000 0048 | 83ec 0848 | b850 479f | 06fd 7f00 | 00ff d048 
  0x000001e924039260: 83c4 08e9 | 0c00 0000 | 48b8 5047 | 9f06 fd7f | 0000 ffd0 | 4883 c420 | 49c7 8798 | 0300 0000 
  0x000001e924039280: 0000 0049 | c787 a803 | 0000 0000 | 0000 49c7 | 87a0 0300 | 0000 0000 | 00c5 f877 | 4983 7f08 
  0x000001e9240392a0: 000f 8405 | 0000 00e9 | 547c feff | 498b 87f0 | 0300 0049 | c787 f003 | 0000 0000 | 0000 4c8b 
  0x000001e9240392c0: 6dc0 4c8b | 75c8 4e8d | 74f5 00c3 | 410f b65d | 0349 83c5 | 0349 ba30 | 212e 07fd | 7f00 0041 
  0x000001e9240392e0: ff24 da0f | 1f44 0000 
[/MachCode]

---------------  P R O C E S S  ---------------

Threads class SMR info:
_java_thread_list=0x000001e96fd4ad60, length=11, elements={
0x000001e9198f95f0, 0x000001e92dc26d60, 0x000001e92dc29230, 0x000001e92dc2dda0,
0x000001e92dc2e9f0, 0x000001e92dc33f10, 0x000001e92dc37f90, 0x000001e92dc3b1d0,
0x000001e92dcb0e30, 0x000001e96fb12100, 0x000001e96fd49f40
}

Java Threads: ( => current thread )
=>0x000001e9198f95f0 JavaThread "main"                              [_thread_in_vm, id=13384, stack(0x0000003822500000,0x0000003822600000) (1024K)]
  0x000001e92dc26d60 JavaThread "Reference Handler"          daemon [_thread_blocked, id=13116, stack(0x0000003822900000,0x0000003822a00000) (1024K)]
  0x000001e92dc29230 JavaThread "Finalizer"                  daemon [_thread_blocked, id=4888, stack(0x0000003822a00000,0x0000003822b00000) (1024K)]
  0x000001e92dc2dda0 JavaThread "Signal Dispatcher"          daemon [_thread_blocked, id=1528, stack(0x0000003822b00000,0x0000003822c00000) (1024K)]
  0x000001e92dc2e9f0 JavaThread "Attach Listener"            daemon [_thread_blocked, id=13000, stack(0x0000003822c00000,0x0000003822d00000) (1024K)]
  0x000001e92dc33f10 JavaThread "Service Thread"             daemon [_thread_blocked, id=15300, stack(0x0000003822d00000,0x0000003822e00000) (1024K)]
  0x000001e92dc37f90 JavaThread "Monitor Deflation Thread"   daemon [_thread_blocked, id=2716, stack(0x0000003822e00000,0x0000003822f00000) (1024K)]
  0x000001e92dc3b1d0 JavaThread "C2 CompilerThread0"         daemon [_thread_blocked, id=7584, stack(0x0000003822f00000,0x0000003823000000) (1024K)]
  0x000001e92dcb0e30 JavaThread "C1 CompilerThread0"         daemon [_thread_blocked, id=14212, stack(0x0000003823000000,0x0000003823100000) (1024K)]
  0x000001e96fb12100 JavaThread "Common-Cleaner"             daemon [_thread_blocked, id=7416, stack(0x0000003823100000,0x0000003823200000) (1024K)]
  0x000001e96fd49f40 JavaThread "Notification Thread"        daemon [_thread_blocked, id=14268, stack(0x0000003823200000,0x0000003823300000) (1024K)]
Total: 11

Other Threads:
  0x000001e9199bb040 VMThread "VM Thread"                           [id=2972, stack(0x0000003822800000,0x0000003822900000) (1024K)] _threads_hazard_ptr=0x000001e96fd4ad60
  0x000001e919965f50 WatcherThread "VM Periodic Task Thread"        [id=3480, stack(0x0000003822700000,0x0000003822800000) (1024K)]
  0x000001e919919110 WorkerThread "GC Thread#0"                     [id=12576, stack(0x0000003822600000,0x0000003822700000) (1024K)]
Total: 3

Threads with active compile tasks:
Total: 0

VM state: synchronizing (normal execution)

VM Mutex/Monitor currently owned by a thread:  ([mutex/lock_event])
[0x00007ffd072cc300] Metaspace_lock - owner thread: 0x000001e9198f95f0
[0x00007ffd072ce380] Threads_lock - owner thread: 0x000001e9199bb040

Heap address: 0x00000000c0000000, size: 1024 MB, Compressed Oops mode: 32-bit

CDS archive(s) mapped at: [0x000001e92e000000-0x000001e92eba0000-0x000001e92eba0000), size 12189696, SharedBaseAddress: 0x000001e92e000000, ArchiveRelocationMode: 1.
Compressed class space mapped at: 0x000001e92f000000-0x000001e96f000000, reserved size: 1073741824
Narrow klass base: 0x000001e92e000000, Narrow klass shift: 0, Narrow klass range: 0x100000000

GC Precious Log:
 CardTable entry size: 512
 CPUs: 4 total, 4 available
 Memory: 7932M
 Large Page Support: Disabled
 NUMA Support: Disabled
 Compressed Oops: Enabled (32-bit)
 Alignments: Space 512K, Generation 512K, Heap 2M
 Heap Min Capacity: 100M
 Heap Initial Capacity: 100M
 Heap Max Capacity: 1G
 Pre-touch: Disabled
 Parallel Workers: 4

Heap:
 PSYoungGen      total 29696K, used 10733K [0x00000000eab00000, 0x00000000ecc00000, 0x0000000100000000)
  eden space 25600K, 41% used [0x00000000eab00000,0x00000000eb57b6c0,0x00000000ec400000)
  from space 4096K, 0% used [0x00000000ec800000,0x00000000ec800000,0x00000000ecc00000)
  to   space 4096K, 0% used [0x00000000ec400000,0x00000000ec400000,0x00000000ec800000)
 ParOldGen       total 68608K, used 0K [0x00000000c0000000, 0x00000000c4300000, 0x00000000eab00000)
  object space 68608K, 0% used [0x00000000c0000000,0x00000000c0000000,0x00000000c4300000)
 Metaspace       used 1390K, committed 1600K, reserved 1114112K
  class space    used 131K, committed 256K, reserved 1048576K

Card table byte_map: [0x000001e9192a0000,0x000001e9194b0000] _byte_map_base: 0x000001e918ca0000

Marking Bits: (ParMarkBitMap*) 0x00007ffd072d3260
 Begin Bits: [0x000001e92baf0000, 0x000001e92caf0000)
 End Bits:   [0x000001e92caf0000, 0x000001e92daf0000)

Polling page: 0x000001e9175f0000

Metaspace:

Usage:
  Non-class:      1.23 MB used.
      Class:    131.53 KB used.
       Both:      1.36 MB used.

Virtual space:
  Non-class space:       64.00 MB reserved,       1.31 MB (  2%) committed,  1 nodes.
      Class space:        1.00 GB reserved,     256.00 KB ( <1%) committed,  1 nodes.
             Both:        1.06 GB reserved,       1.56 MB ( <1%) committed. 

Chunk freelists:
   Non-Class:  11.66 MB
       Class:  15.67 MB
        Both:  27.33 MB

MaxMetaspaceSize: unlimited
CompressedClassSpaceSize: 1.00 GB
Initial GC threshold: 21.00 MB
Current GC threshold: 21.00 MB
CDS: on
 - commit_granule_bytes: 65536.
 - commit_granule_words: 8192.
 - virtual_space_node_default_size: 8388608.
 - enlarge_chunks_in_place: 1.
 - use_allocation_guard: 0.


Internal statistics:

num_allocs_failed_limit: 0.
num_arena_births: 74.
num_arena_deaths: 0.
num_vsnodes_births: 2.
num_vsnodes_deaths: 0.
num_space_committed: 25.
num_space_uncommitted: 0.
num_chunks_returned_to_freelist: 0.
num_chunks_taken_from_freelist: 96.
num_chunk_merges: 0.
num_chunk_splits: 66.
num_chunks_enlarged: 43.
num_inconsistent_stats: 0.

CodeHeap 'non-profiled nmethods': size=120000Kb used=199Kb max_used=199Kb free=119800Kb
 bounds [0x000001e9245c0000, 0x000001e924830000, 0x000001e92baf0000]
CodeHeap 'profiled nmethods': size=120000Kb used=854Kb max_used=854Kb free=119145Kb
 bounds [0x000001e91caf0000, 0x000001e91cd60000, 0x000001e924020000]
CodeHeap 'non-nmethods': size=5760Kb used=1162Kb max_used=1176Kb free=4597Kb
 bounds [0x000001e924020000, 0x000001e924290000, 0x000001e9245c0000]
 total_blobs=980 nmethods=578 adapters=309
 compilation: enabled
              stopped_count=0, restarted_count=0
 full_count=0

Compilation events (20 events):
Event: 1.303 Thread 0x000001e92dcb0e30  570       3       java.lang.StringLatin1::toUpperCase (186 bytes)
Event: 1.303 Thread 0x000001e92dcb0e30 nmethod 570 0x000001e91cbbde90 code [0x000001e91cbbe120, 0x000001e91cbbebc8]
Event: 1.313 Thread 0x000001e92dcb0e30  571       3       java.lang.String::toUpperCase (29 bytes)
Event: 1.313 Thread 0x000001e92dcb0e30 nmethod 571 0x000001e91cbbf010 code [0x000001e91cbbf1e0, 0x000001e91cbbf498]
Event: 1.313 Thread 0x000001e92dcb0e30  572       3       java.util.Objects::nonNull (10 bytes)
Event: 1.314 Thread 0x000001e92dcb0e30 nmethod 572 0x000001e91cbbf590 code [0x000001e91cbbf720, 0x000001e91cbbf860]
Event: 1.316 Thread 0x000001e92dcb0e30  573       3       sun.security.util.KnownOIDs::register (349 bytes)
Event: 1.319 Thread 0x000001e92dcb0e30 nmethod 573 0x000001e91cbbf910 code [0x000001e91cbc0060, 0x000001e91cbc3668]
Event: 1.319 Thread 0x000001e92dcb0e30  574       3       java.lang.Integer::numberOfLeadingZeros (79 bytes)
Event: 1.320 Thread 0x000001e92dcb0e30 nmethod 574 0x000001e91cbc4a90 code [0x000001e91cbc4c40, 0x000001e91cbc4ee8]
Event: 1.321 Thread 0x000001e92dcb0e30  575       3       java.util.HashMap$EntryIterator::next (5 bytes)
Event: 1.321 Thread 0x000001e92dcb0e30 nmethod 575 0x000001e91cbc4f90 code [0x000001e91cbc5140, 0x000001e91cbc52d8]
Event: 1.322 Thread 0x000001e92dc3b1d0  576       4       java.lang.StringLatin1::hashCode (52 bytes)
Event: 1.322 Thread 0x000001e92dc3b1d0 nmethod 576 0x000001e9245f1110 code [0x000001e9245f12c0, 0x000001e9245f1558]
Event: 1.323 Thread 0x000001e92dc3b1d0  577       4       jdk.internal.util.ArraysSupport::vectorizedHashCode (158 bytes)
Event: 1.323 Thread 0x000001e92dcb0e30  579  s    3       java.util.Properties::put (10 bytes)
Event: 1.324 Thread 0x000001e92dcb0e30 nmethod 579 0x000001e91cbc5390 code [0x000001e91cbc5540, 0x000001e91cbc57b8]
Event: 1.327 Thread 0x000001e92dc3b1d0 nmethod 577 0x000001e9245f1610 code [0x000001e9245f17a0, 0x000001e9245f19a0]
Event: 1.327 Thread 0x000001e92dc3b1d0  578       4       java.lang.CharacterDataLatin1::toUpperCaseEx (71 bytes)
Event: 1.328 Thread 0x000001e92dc3b1d0 nmethod 578 0x000001e9245f1b10 code [0x000001e9245f1ca0, 0x000001e9245f1da8]

GC Heap History (0 events):
No events

Dll operation events (8 events):
Event: 0.022 Loaded shared library c:\Users\SANJU\.vscode\extensions\redhat.java-1.41.1-win32-x64\jre\21.0.6-win32-x86_64\bin\java.dll
Event: 0.318 Loaded shared library c:\Users\SANJU\.vscode\extensions\redhat.java-1.41.1-win32-x64\jre\21.0.6-win32-x86_64\bin\zip.dll
Event: 0.373 Loaded shared library C:\Users\SANJU\.vscode\extensions\redhat.java-1.41.1-win32-x64\jre\21.0.6-win32-x86_64\bin\instrument.dll
Event: 0.381 Loaded shared library C:\Users\SANJU\.vscode\extensions\redhat.java-1.41.1-win32-x64\jre\21.0.6-win32-x86_64\bin\net.dll
Event: 0.384 Loaded shared library C:\Users\SANJU\.vscode\extensions\redhat.java-1.41.1-win32-x64\jre\21.0.6-win32-x86_64\bin\nio.dll
Event: 0.389 Loaded shared library C:\Users\SANJU\.vscode\extensions\redhat.java-1.41.1-win32-x64\jre\21.0.6-win32-x86_64\bin\zip.dll
Event: 0.434 Loaded shared library C:\Users\SANJU\.vscode\extensions\redhat.java-1.41.1-win32-x64\jre\21.0.6-win32-x86_64\bin\jimage.dll
Event: 0.550 Loaded shared library c:\Users\SANJU\.vscode\extensions\redhat.java-1.41.1-win32-x64\jre\21.0.6-win32-x86_64\bin\verify.dll

Deoptimization events (16 events):
Event: 0.441 Thread 0x000001e9198f95f0 DEOPT PACKING pc=0x000001e91cb27fc9 sp=0x00000038225fe7e0
Event: 0.441 Thread 0x000001e9198f95f0 DEOPT UNPACKING pc=0x000001e9240778e2 sp=0x00000038225fdc68 mode 0
Event: 0.442 Thread 0x000001e9198f95f0 DEOPT PACKING pc=0x000001e91cb27fc9 sp=0x00000038225fe7e0
Event: 0.442 Thread 0x000001e9198f95f0 DEOPT UNPACKING pc=0x000001e9240778e2 sp=0x00000038225fdc68 mode 0
Event: 0.443 Thread 0x000001e9198f95f0 DEOPT PACKING pc=0x000001e91cb27fc9 sp=0x00000038225fe7e0
Event: 0.443 Thread 0x000001e9198f95f0 DEOPT UNPACKING pc=0x000001e9240778e2 sp=0x00000038225fdc68 mode 0
Event: 0.443 Thread 0x000001e9198f95f0 DEOPT PACKING pc=0x000001e91cb27fc9 sp=0x00000038225fe7e0
Event: 0.443 Thread 0x000001e9198f95f0 DEOPT UNPACKING pc=0x000001e9240778e2 sp=0x00000038225fdc68 mode 0
Event: 1.231 Thread 0x000001e9198f95f0 DEOPT PACKING pc=0x000001e91cb38858 sp=0x00000038225fe010
Event: 1.231 Thread 0x000001e9198f95f0 DEOPT UNPACKING pc=0x000001e9240778e2 sp=0x00000038225fd4d0 mode 0
Event: 1.231 Thread 0x000001e9198f95f0 Uncommon trap: trap_request=0xffffff45 fr.pc=0x000001e9245d1460 relative=0x00000000000000c0
Event: 1.231 Thread 0x000001e9198f95f0 Uncommon trap: reason=unstable_if action=reinterpret pc=0x000001e9245d1460 method=java.lang.String.isLatin1()Z @ 10 c2
Event: 1.231 Thread 0x000001e9198f95f0 DEOPT PACKING pc=0x000001e9245d1460 sp=0x00000038225ff3e0
Event: 1.232 Thread 0x000001e9198f95f0 DEOPT UNPACKING pc=0x000001e924076da2 sp=0x00000038225ff320 mode 2
Event: 1.245 Thread 0x000001e9198f95f0 DEOPT PACKING pc=0x000001e91cb38858 sp=0x00000038225fcd60
Event: 1.245 Thread 0x000001e9198f95f0 DEOPT UNPACKING pc=0x000001e9240778e2 sp=0x00000038225fc220 mode 0

Classes loaded (20 events):
Event: 1.279 Loading class sun/security/util/KnownOIDs$3 done
Event: 1.281 Loading class sun/security/util/KnownOIDs$4
Event: 1.281 Loading class sun/security/util/KnownOIDs$4 done
Event: 1.282 Loading class sun/security/util/KnownOIDs$5
Event: 1.282 Loading class sun/security/util/KnownOIDs$5 done
Event: 1.282 Loading class sun/security/util/KnownOIDs$6
Event: 1.282 Loading class sun/security/util/KnownOIDs$6 done
Event: 1.282 Loading class sun/security/util/KnownOIDs$7
Event: 1.282 Loading class sun/security/util/KnownOIDs$7 done
Event: 1.282 Loading class sun/security/util/KnownOIDs$8
Event: 1.284 Loading class sun/security/util/KnownOIDs$8 done
Event: 1.284 Loading class sun/security/util/KnownOIDs$9
Event: 1.285 Loading class sun/security/util/KnownOIDs$9 done
Event: 1.285 Loading class sun/security/util/KnownOIDs$10
Event: 1.285 Loading class sun/security/util/KnownOIDs$10 done
Event: 1.320 Loading class java/util/LinkedHashMap$LinkedKeySet
Event: 1.320 Loading class java/util/LinkedHashMap$LinkedKeySet done
Event: 1.320 Loading class java/util/LinkedHashMap$LinkedKeyIterator
Event: 1.321 Loading class java/util/LinkedHashMap$LinkedKeyIterator done
Event: 1.324 Loading class sun/security/pkcs/PKCS7

Classes unloaded (0 events):
No events

Classes redefined (0 events):
No events

Internal exceptions (11 events):
Event: 0.311 Thread 0x000001e9198f95f0 Exception <a 'java/lang/NoSuchMethodError'{0x00000000ead29f58}: 'void java.lang.invoke.DirectMethodHandle$Holder.invokeStatic(java.lang.Object, java.lang.Object, java.lang.Object)'> (0x00000000ead29f58) 
thrown [s\src\hotspot\share\interpreter\linkResolver.cpp, line 773]
Event: 0.424 Thread 0x000001e9198f95f0 Exception <a 'java/lang/NoSuchMethodError'{0x00000000eae92740}: 'java.lang.Object java.lang.invoke.Invokers$Holder.invokeExact_MT(java.lang.Object, java.lang.Object, java.lang.Object, java.lang.Object, java.lang.Object)'> (0x00000000eae92740) 
thrown [s\src\hotspot\share\interpreter\linkResolver.cpp, line 773]
Event: 0.478 Thread 0x000001e9198f95f0 Exception <a 'java/lang/NoSuchMethodError'{0x00000000eaf4bdf8}: 'int java.lang.invoke.DirectMethodHandle$Holder.invokeSpecial(java.lang.Object, java.lang.Object, java.lang.Object, int)'> (0x00000000eaf4bdf8) 
thrown [s\src\hotspot\share\interpreter\linkResolver.cpp, line 773]
Event: 0.482 Thread 0x000001e9198f95f0 Exception <a 'java/lang/NoSuchMethodError'{0x00000000eaf5e7e0}: 'java.lang.Object java.lang.invoke.DirectMethodHandle$Holder.invokeStatic(java.lang.Object, java.lang.Object, java.lang.Object, java.lang.Object, int)'> (0x00000000eaf5e7e0) 
thrown [s\src\hotspot\share\interpreter\linkResolver.cpp, line 773]
Event: 0.485 Thread 0x000001e9198f95f0 Exception <a 'java/lang/NoSuchMethodError'{0x00000000eaf69c88}: 'void java.lang.invoke.DelegatingMethodHandle$Holder.reinvoke_L(java.lang.Object, java.lang.Object, java.lang.Object, int, java.lang.Object)'> (0x00000000eaf69c88) 
thrown [s\src\hotspot\share\interpreter\linkResolver.cpp, line 773]
Event: 0.489 Thread 0x000001e9198f95f0 Exception <a 'java/lang/NoSuchMethodError'{0x00000000eaf7a5d8}: 'int java.lang.invoke.DirectMethodHandle$Holder.invokeSpecial(java.lang.Object, java.lang.Object, java.lang.Object)'> (0x00000000eaf7a5d8) 
thrown [s\src\hotspot\share\interpreter\linkResolver.cpp, line 773]
Event: 0.498 Thread 0x000001e9198f95f0 Exception <a 'java/lang/NoSuchMethodError'{0x00000000eaf86298}: 'java.lang.Object java.lang.invoke.DirectMethodHandle$Holder.invokeStatic(java.lang.Object, java.lang.Object, int)'> (0x00000000eaf86298) 
thrown [s\src\hotspot\share\interpreter\linkResolver.cpp, line 773]
Event: 0.499 Thread 0x000001e9198f95f0 Exception <a 'java/lang/NoSuchMethodError'{0x00000000eaf8abe8}: 'void java.lang.invoke.DirectMethodHandle$Holder.invokeStatic(java.lang.Object, java.lang.Object, int, java.lang.Object)'> (0x00000000eaf8abe8) 
thrown [s\src\hotspot\share\interpreter\linkResolver.cpp, line 773]
Event: 0.500 Thread 0x000001e9198f95f0 Exception <a 'java/lang/NoSuchMethodError'{0x00000000eaf8e778}: 'void java.lang.invoke.DirectMethodHandle$Holder.invokeSpecial(java.lang.Object, java.lang.Object, java.lang.Object, int, java.lang.Object)'> (0x00000000eaf8e778) 
thrown [s\src\hotspot\share\interpreter\linkResolver.cpp, line 773]
Event: 0.501 Thread 0x000001e9198f95f0 Exception <a 'java/lang/NoSuchMethodError'{0x00000000eaf91be8}: 'void java.lang.invoke.DelegatingMethodHandle$Holder.delegate(java.lang.Object, java.lang.Object, int, java.lang.Object)'> (0x00000000eaf91be8) 
thrown [s\src\hotspot\share\interpreter\linkResolver.cpp, line 773]
Event: 0.618 Thread 0x000001e9198f95f0 Exception <a 'java/lang/NoSuchMethodError'{0x00000000eb14f2b8}: 'void java.lang.invoke.DelegatingMethodHandle$Holder.reinvoke_L(java.lang.Object, java.lang.Object, java.lang.Object, int)'> (0x00000000eb14f2b8) 
thrown [s\src\hotspot\share\interpreter\linkResolver.cpp, line 773]

ZGC Phase Switch (0 events):
No events

VM Operations (5 events):
Event: 0.317 Executing VM operation: HandshakeAllThreads (Deoptimize)
Event: 0.317 Executing VM operation: HandshakeAllThreads (Deoptimize) done
Event: 0.450 Executing VM operation: HandshakeAllThreads (Deoptimize)
Event: 0.450 Executing VM operation: HandshakeAllThreads (Deoptimize) done
Event: 1.452 Executing VM operation: Cleanup

Memory protections (0 events):
No events

Nmethod flushes (0 events):
No events

Events (11 events):
Event: 0.123 Thread 0x000001e9198f95f0 Thread added: 0x000001e9198f95f0
Event: 0.153 Thread 0x000001e9198f95f0 Thread added: 0x000001e92dc26d60
Event: 0.153 Thread 0x000001e9198f95f0 Thread added: 0x000001e92dc29230
Event: 0.153 Thread 0x000001e9198f95f0 Thread added: 0x000001e92dc2dda0
Event: 0.153 Thread 0x000001e9198f95f0 Thread added: 0x000001e92dc2e9f0
Event: 0.154 Thread 0x000001e9198f95f0 Thread added: 0x000001e92dc33f10
Event: 0.154 Thread 0x000001e9198f95f0 Thread added: 0x000001e92dc37f90
Event: 0.154 Thread 0x000001e9198f95f0 Thread added: 0x000001e92dc3b1d0
Event: 0.170 Thread 0x000001e9198f95f0 Thread added: 0x000001e92dcb0e30
Event: 0.298 Thread 0x000001e9198f95f0 Thread added: 0x000001e96fb12100
Event: 1.202 Thread 0x000001e9198f95f0 Thread added: 0x000001e96fd49f40


Dynamic libraries:
0x00007ff61d0d0000 - 0x00007ff61d0de000 	c:\Users\SANJU\.vscode\extensions\redhat.java-1.41.1-win32-x64\jre\21.0.6-win32-x86_64\bin\java.exe
0x00007ffd57760000 - 0x00007ffd579c6000 	C:\WINDOWS\SYSTEM32\ntdll.dll
0x00007ffd56db0000 - 0x00007ffd56e79000 	C:\WINDOWS\System32\KERNEL32.DLL
0x00007ffd54a70000 - 0x00007ffd54e3c000 	C:\WINDOWS\System32\KERNELBASE.dll
0x00007ffd55340000 - 0x00007ffd5548b000 	C:\WINDOWS\System32\ucrtbase.dll
0x00007ffd4d470000 - 0x00007ffd4d488000 	c:\Users\SANJU\.vscode\extensions\redhat.java-1.41.1-win32-x64\jre\21.0.6-win32-x86_64\bin\jli.dll
0x00007ffd574c0000 - 0x00007ffd5768a000 	C:\WINDOWS\System32\USER32.dll
0x00007ffd54fb0000 - 0x00007ffd54fd7000 	C:\WINDOWS\System32\win32u.dll
0x00007ffd56c90000 - 0x00007ffd56cbb000 	C:\WINDOWS\System32\GDI32.dll
0x00007ffd55080000 - 0x00007ffd551b2000 	C:\WINDOWS\System32\gdi32full.dll
0x00007ffd54e40000 - 0x00007ffd54ee3000 	C:\WINDOWS\System32\msvcp_win.dll
0x00007ffd47bf0000 - 0x00007ffd47c0e000 	c:\Users\SANJU\.vscode\extensions\redhat.java-1.41.1-win32-x64\jre\21.0.6-win32-x86_64\bin\VCRUNTIME140.dll
0x00007ffd41490000 - 0x00007ffd4172a000 	C:\WINDOWS\WinSxS\amd64_microsoft.windows.common-controls_6595b64144ccf1df_6.0.26100.3912_none_3e07963ce335137e\COMCTL32.dll
0x00007ffd572e0000 - 0x00007ffd57389000 	C:\WINDOWS\System32\msvcrt.dll
0x00007ffd564f0000 - 0x00007ffd56520000 	C:\WINDOWS\System32\IMM32.DLL
0x00007ffd4ecd0000 - 0x00007ffd4ecdc000 	c:\Users\SANJU\.vscode\extensions\redhat.java-1.41.1-win32-x64\jre\21.0.6-win32-x86_64\bin\vcruntime140_1.dll
0x00007ffd3fdb0000 - 0x00007ffd3fe3d000 	c:\Users\SANJU\.vscode\extensions\redhat.java-1.41.1-win32-x64\jre\21.0.6-win32-x86_64\bin\msvcp140.dll
0x00007ffd06620000 - 0x00007ffd073b0000 	c:\Users\SANJU\.vscode\extensions\redhat.java-1.41.1-win32-x64\jre\21.0.6-win32-x86_64\bin\server\jvm.dll
0x00007ffd55a80000 - 0x00007ffd55b32000 	C:\WINDOWS\System32\ADVAPI32.dll
0x00007ffd55950000 - 0x00007ffd559f6000 	C:\WINDOWS\System32\sechost.dll
0x00007ffd57390000 - 0x00007ffd574a6000 	C:\WINDOWS\System32\RPCRT4.dll
0x00007ffd55b40000 - 0x00007ffd55bb4000 	C:\WINDOWS\System32\WS2_32.dll
0x00007ffd54760000 - 0x00007ffd547be000 	C:\WINDOWS\SYSTEM32\POWRPROF.dll
0x00007ffd3ddb0000 - 0x00007ffd3dde6000 	C:\WINDOWS\SYSTEM32\WINMM.dll
0x00007ffd47a60000 - 0x00007ffd47a6b000 	C:\WINDOWS\SYSTEM32\VERSION.dll
0x00007ffd54740000 - 0x00007ffd54754000 	C:\WINDOWS\SYSTEM32\UMPDC.dll
0x00007ffd536b0000 - 0x00007ffd536ca000 	C:\WINDOWS\SYSTEM32\kernel.appcore.dll
0x00007ffd4d460000 - 0x00007ffd4d46a000 	c:\Users\SANJU\.vscode\extensions\redhat.java-1.41.1-win32-x64\jre\21.0.6-win32-x86_64\bin\jimage.dll
0x00007ffd52050000 - 0x00007ffd52291000 	C:\WINDOWS\SYSTEM32\DBGHELP.DLL
0x00007ffd56f50000 - 0x00007ffd572d4000 	C:\WINDOWS\System32\combase.dll
0x00007ffd56cc0000 - 0x00007ffd56da0000 	C:\WINDOWS\System32\OLEAUT32.dll
0x00007ffd384b0000 - 0x00007ffd384e9000 	C:\WINDOWS\SYSTEM32\dbgcore.DLL
0x00007ffd54fe0000 - 0x00007ffd55079000 	C:\WINDOWS\System32\bcryptPrimitives.dll
0x00007ffd45870000 - 0x00007ffd4587f000 	c:\Users\SANJU\.vscode\extensions\redhat.java-1.41.1-win32-x64\jre\21.0.6-win32-x86_64\bin\instrument.dll
0x00007ffd47ac0000 - 0x00007ffd47adf000 	c:\Users\SANJU\.vscode\extensions\redhat.java-1.41.1-win32-x64\jre\21.0.6-win32-x86_64\bin\java.dll
0x00007ffd55dc0000 - 0x00007ffd564ed000 	C:\WINDOWS\System32\SHELL32.dll
0x00007ffd548f0000 - 0x00007ffd54a64000 	C:\WINDOWS\System32\wintypes.dll
0x00007ffd525a0000 - 0x00007ffd52df6000 	C:\WINDOWS\SYSTEM32\windows.storage.dll
0x00007ffd56b70000 - 0x00007ffd56c5f000 	C:\WINDOWS\System32\SHCORE.dll
0x00007ffd55a10000 - 0x00007ffd55a79000 	C:\WINDOWS\System32\shlwapi.dll
0x00007ffd54800000 - 0x00007ffd5482f000 	C:\WINDOWS\SYSTEM32\profapi.dll
0x00007ffd45f30000 - 0x00007ffd45f48000 	c:\Users\SANJU\.vscode\extensions\redhat.java-1.41.1-win32-x64\jre\21.0.6-win32-x86_64\bin\zip.dll
0x00007ffd47e40000 - 0x00007ffd47e50000 	C:\Users\SANJU\.vscode\extensions\redhat.java-1.41.1-win32-x64\jre\21.0.6-win32-x86_64\bin\net.dll
0x00007ffd477f0000 - 0x00007ffd4790e000 	C:\WINDOWS\SYSTEM32\WINHTTP.dll
0x00007ffd53c20000 - 0x00007ffd53c8a000 	C:\WINDOWS\system32\mswsock.dll
0x00007ffd44010000 - 0x00007ffd44026000 	C:\Users\SANJU\.vscode\extensions\redhat.java-1.41.1-win32-x64\jre\21.0.6-win32-x86_64\bin\nio.dll
0x00007ffd45790000 - 0x00007ffd457a0000 	c:\Users\SANJU\.vscode\extensions\redhat.java-1.41.1-win32-x64\jre\21.0.6-win32-x86_64\bin\verify.dll

dbghelp: loaded successfully - version: 4.0.5 - missing functions: none
symbol engine: initialized successfully - sym options: 0x614 - pdb path: .;c:\Users\SANJU\.vscode\extensions\redhat.java-1.41.1-win32-x64\jre\21.0.6-win32-x86_64\bin;C:\WINDOWS\SYSTEM32;C:\WINDOWS\WinSxS\amd64_microsoft.windows.common-controls_6595b64144ccf1df_6.0.26100.3912_none_3e07963ce335137e;c:\Users\SANJU\.vscode\extensions\redhat.java-1.41.1-win32-x64\jre\21.0.6-win32-x86_64\bin\server

VM Arguments:
jvm_args: --add-modules=ALL-SYSTEM --add-opens=java.base/java.util=ALL-UNNAMED --add-opens=java.base/java.lang=ALL-UNNAMED --add-opens=java.base/sun.nio.fs=ALL-UNNAMED -Declipse.application=org.eclipse.jdt.ls.core.id1 -Dosgi.bundles.defaultStartLevel=4 -Declipse.product=org.eclipse.jdt.ls.core.product -Djava.import.generatesMetadataFilesAtProjectRoot=false -DDetectVMInstallationsJob.disabled=true -Dfile.encoding=utf8 -XX:+UseParallelGC -XX:GCTimeRatio=4 -XX:AdaptiveSizePolicyWeight=90 -Dsun.zip.disableMemoryMapping=true -Xmx1G -Xms100m -Xlog:disable -javaagent:c:\Users\SANJU\.vscode\extensions\redhat.java-1.41.1-win32-x64\lombok\lombok-1.18.36.jar 
java_command: c:\Users\SANJU\.vscode\extensions\redhat.java-1.41.1-win32-x64\server\plugins\org.eclipse.equinox.launcher_1.7.0.v20250331-1702.jar -configuration c:\Users\SANJU\AppData\Roaming\Code\User\globalStorage\redhat.java\1.41.1\config_ss_win -data c:\Users\SANJU\AppData\Roaming\Code\User\workspaceStorage\ee656b20cc33f40c5e6015df986231a5\redhat.java\ss_ws --pipe=\\.\pipe\lsp-826f70da437df60d54f7d06eac8ed63a-sock
java_class_path (initial): c:\Users\SANJU\.vscode\extensions\redhat.java-1.41.1-win32-x64\server\plugins\org.eclipse.equinox.launcher_1.7.0.v20250331-1702.jar
Launcher Type: SUN_STANDARD

[Global flags]
    uintx AdaptiveSizePolicyWeight                 = 90                                        {product} {command line}
     intx CICompilerCount                          = 3                                         {product} {ergonomic}
    uintx GCTimeRatio                              = 4                                         {product} {command line}
   size_t InitialHeapSize                          = 104857600                                 {product} {command line}
   size_t MaxHeapSize                              = 1073741824                                {product} {command line}
   size_t MaxNewSize                               = 357564416                                 {product} {ergonomic}
   size_t MinHeapDeltaBytes                        = 524288                                    {product} {ergonomic}
   size_t MinHeapSize                              = 104857600                                 {product} {command line}
   size_t NewSize                                  = 34603008                                  {product} {ergonomic}
    uintx NonNMethodCodeHeapSize                   = 5832780                                {pd product} {ergonomic}
    uintx NonProfiledCodeHeapSize                  = 122912730                              {pd product} {ergonomic}
   size_t OldSize                                  = 70254592                                  {product} {ergonomic}
    uintx ProfiledCodeHeapSize                     = 122912730                              {pd product} {ergonomic}
    uintx ReservedCodeCacheSize                    = 251658240                              {pd product} {ergonomic}
     bool SegmentedCodeCache                       = true                                      {product} {ergonomic}
   size_t SoftMaxHeapSize                          = 1073741824                             {manageable} {ergonomic}
     bool UseCompressedOops                        = true                           {product lp64_product} {ergonomic}
     bool UseLargePagesIndividualAllocation        = false                                  {pd product} {ergonomic}
     bool UseParallelGC                            = true                                      {product} {command line}

Logging:
Log output configuration:
 #0: stdout all=off uptime,level,tags foldmultilines=false
 #1: stderr all=off uptime,level,tags foldmultilines=false

Environment Variables:
PATH=C:\Program Files\Common Files\Oracle\Java\javapath;C:\WINDOWS\system32;C:\WINDOWS;C:\WINDOWS\System32\Wbem;C:\WINDOWS\System32\WindowsPowerShell\v1.0\;C:\WINDOWS\System32\OpenSSH\;C:\Program Files\Git\cmd;C:\Program Files\GitHub CLI\;C:\Users\SANJU\AppData\Local\Programs\Python\Python311\Scripts\;C:\Users\SANJU\AppData\Local\Programs\Python\Python311\;C:\Users\SANJU\AppData\Local\Programs\Python\Python313\Scripts\;C:\Users\SANJU\AppData\Local\Programs\Python\Python313\;C:\Users\SANJU\AppData\Local\Microsoft\WindowsApps;C:\Users\SANJU\AppData\Local\Programs\Microsoft VS Code\bin;C:\Users\SANJU\AppData\Local\Programs\cursor\resources\app\bin
USERNAME=SANJU
OS=Windows_NT
PROCESSOR_IDENTIFIER=Intel64 Family 6 Model 126 Stepping 5, GenuineIntel
TMP=C:\Users\SANJU\AppData\Local\Temp
TEMP=C:\Users\SANJU\AppData\Local\Temp




Periodic native trim disabled

---------------  S Y S T E M  ---------------

OS:
 Windows 11 , 64 bit Build 26100 (10.0.26100.3912)
OS uptime: 0 days 11:23 hours

CPU: total 4 (initial active 4) (2 cores per cpu, 2 threads per core) family 6 model 126 stepping 5 microcode 0xa6, cx8, cmov, fxsr, ht, mmx, 3dnowpref, sse, sse2, sse3, ssse3, sse4.1, sse4.2, popcnt, lzcnt, tsc, tscinvbit, avx, avx2, aes, erms, clmul, bmi1, bmi2, adx, avx512f, avx512dq, avx512cd, avx512bw, avx512vl, sha, fma, vzeroupper, avx512_vpopcntdq, avx512_vpclmulqdq, avx512_vaes, avx512_vnni, clflush, clflushopt, avx512_vbmi2, avx512_vbmi, rdtscp, rdpid, fsrm, gfni, avx512_bitalg, f16c, pku, avx512_ifma
Processor Information for processor 0
  Max Mhz: 1201, Current Mhz: 1201, Mhz Limit: 1201
Processor Information for processor 1
  Max Mhz: 1201, Current Mhz: 1000, Mhz Limit: 1201
Processor Information for processor 2
  Max Mhz: 1201, Current Mhz: 1201, Mhz Limit: 1201
Processor Information for processor 3
  Max Mhz: 1201, Current Mhz: 1000, Mhz Limit: 1201

Memory: 4k page, system-wide physical 7932M (1952M free)
TotalPageFile size 7932M (AvailPageFile size 0M)
current process WorkingSet (physical memory assigned to process): 49M, peak: 49M
current process commit charge ("private bytes"): 178M, peak: 178M

vm_info: OpenJDK 64-Bit Server VM (21.0.6+7-LTS) for windows-amd64 JRE (21.0.6+7-LTS), built on 2025-01-21T00:00:00Z by "admin" with MS VC++ 17.7 (VS2022)

END.
