#
# There is insufficient memory for the Java Runtime Environment to continue.
# Native memory allocation (mmap) failed to map 65536 bytes. Error detail: Failed to commit metaspace.
# Possible reasons:
#   The system is out of physical RAM or swap space
#   This process is running with CompressedOops enabled, and the Java Heap may be blocking the growth of the native heap
# Possible solutions:
#   Reduce memory load on the system
#   Increase physical memory or swap space
#   Check if swap backing store is full
#   Decrease Java heap size (-Xmx/-Xms)
#   Decrease number of Java threads
#   Decrease Java thread stack sizes (-Xss)
#   Set larger code cache with -XX:ReservedCodeCacheSize=
#   JVM is running with Unscaled Compressed Oops mode in which the Java heap is
#     placed in the first 4GB address space. The Java Heap base address is the
#     maximum limit for the native heap growth. Please use -XX:HeapBaseMinAddress
#     to set the Java Heap base and to place the Java Heap above 4GB virtual address.
# This output file may be truncated or incomplete.
#
#  Out of Memory Error (virtualSpaceNode.cpp:113), pid=4988, tid=13560
#
# JRE version: OpenJDK Runtime Environment Temurin-21.0.6+7 (21.0.6+7) (build 21.0.6+7-LTS)
# Java VM: OpenJDK 64-Bit Server VM Temurin-21.0.6+7 (21.0.6+7-LTS, mixed mode, sharing, tiered, compressed oops, compressed class ptrs, parallel gc, windows-amd64)
# No core dump will be written. Minidumps are not enabled by default on client versions of Windows
#

---------------  S U M M A R Y ------------

Command Line: --add-modules=ALL-SYSTEM --add-opens=java.base/java.util=ALL-UNNAMED --add-opens=java.base/java.lang=ALL-UNNAMED --add-opens=java.base/sun.nio.fs=ALL-UNNAMED -Declipse.application=org.eclipse.jdt.ls.core.id1 -Dosgi.bundles.defaultStartLevel=4 -Declipse.product=org.eclipse.jdt.ls.core.product -Djava.import.generatesMetadataFilesAtProjectRoot=false -DDetectVMInstallationsJob.disabled=true -Dfile.encoding=utf8 -XX:+UseParallelGC -XX:GCTimeRatio=4 -XX:AdaptiveSizePolicyWeight=90 -Dsun.zip.disableMemoryMapping=true -Xmx1G -Xms100m -Xlog:disable -javaagent:c:\Users\SANJU\.vscode\extensions\redhat.java-1.41.1-win32-x64\lombok\lombok-1.18.36.jar c:\Users\SANJU\.vscode\extensions\redhat.java-1.41.1-win32-x64\server\plugins\org.eclipse.equinox.launcher_1.7.0.v20250331-1702.jar -configuration c:\Users\SANJU\AppData\Roaming\Code\User\globalStorage\redhat.java\1.41.1\config_ss_win -data c:\Users\SANJU\AppData\Roaming\Code\User\workspaceStorage\ee656b20cc33f40c5e6015df986231a5\redhat.java\ss_ws --pipe=\\.\pipe\lsp-ed7ea8df29923e869c8b12b6b96853c8-sock

Host: Intel(R) Core(TM) i3-1005G1 CPU @ 1.20GHz, 4 cores, 7G,  Windows 11 , 64 bit Build 26100 (10.0.26100.3912)
Time: Sun May 11 23:18:37 2025 India Standard Time elapsed time: 2.582471 seconds (0d 0h 0m 2s)

---------------  T H R E A D  ---------------

Current thread (0x00000142c17686a0):  JavaThread "main"             [_thread_in_vm, id=13560, stack(0x00000002d4300000,0x00000002d4400000) (1024K)]

Stack: [0x00000002d4300000,0x00000002d4400000]
Native frames: (J=compiled Java code, j=interpreted, Vv=VM code, C=native code)
V  [jvm.dll+0x6cdee9]
V  [jvm.dll+0x8a83d1]
V  [jvm.dll+0x8aa8fe]
V  [jvm.dll+0x8aafe3]
V  [jvm.dll+0x27f706]
V  [jvm.dll+0x8a411e]
V  [jvm.dll+0x670385]
V  [jvm.dll+0x6703ea]
V  [jvm.dll+0x672bd2]
V  [jvm.dll+0x672aa2]
V  [jvm.dll+0x670d5e]
V  [jvm.dll+0x27c616]
V  [jvm.dll+0x724315]
V  [jvm.dll+0x724e5f]
V  [jvm.dll+0x3c3b68]
V  [jvm.dll+0x3c2957]
V  [jvm.dll+0x3c28f8]
V  [jvm.dll+0x5d58f9]
V  [jvm.dll+0x5d47fc]
V  [jvm.dll+0x3d8465]
V  [jvm.dll+0x3d7add]
C  0x00000142cbf28080

The last pc belongs to invokestatic (printed below).
Java frames: (J=compiled Java code, j=interpreted, Vv=VM code)
j  java.io.RandomAccessFile.getChannel()Ljava/nio/channels/FileChannel;+38 java.base@21.0.6
j  org.eclipse.osgi.internal.location.Locker_JavaNio.lock()Z+22
j  org.eclipse.osgi.storagemanager.StorageManager.lock(Z)Z+54
j  org.eclipse.osgi.storagemanager.StorageManager.open(Z)V+50
j  org.eclipse.osgi.storage.Storage.getChildStorageManager()Lorg/eclipse/osgi/storagemanager/StorageManager;+57
j  org.eclipse.osgi.storage.Storage.getInfoInputStream()Ljava/io/InputStream;+1
j  org.eclipse.osgi.storage.Storage.<init>(Lorg/eclipse/osgi/internal/framework/EquinoxContainer;[Ljava/lang/String;)V+525
j  org.eclipse.osgi.storage.Storage.createStorage(Lorg/eclipse/osgi/internal/framework/EquinoxContainer;)Lorg/eclipse/osgi/storage/Storage;+11
j  org.eclipse.osgi.internal.framework.EquinoxContainer.<init>(Ljava/util/Map;Lorg/osgi/framework/connect/ModuleConnector;)V+146
j  org.eclipse.osgi.launch.Equinox.<init>(Ljava/util/Map;Lorg/osgi/framework/connect/ModuleConnector;)V+10
j  org.eclipse.osgi.launch.Equinox.<init>(Ljava/util/Map;)V+3
j  org.eclipse.core.runtime.adaptor.EclipseStarter.startup([Ljava/lang/String;Ljava/lang/Runnable;)Lorg/osgi/framework/BundleContext;+28
j  org.eclipse.core.runtime.adaptor.EclipseStarter.run([Ljava/lang/String;Ljava/lang/Runnable;)Ljava/lang/Object;+21
j  java.lang.invoke.DirectMethodHandle$Holder.invokeStatic(Ljava/lang/Object;Ljava/lang/Object;Ljava/lang/Object;)Ljava/lang/Object;+11 java.base@21.0.6
j  java.lang.invoke.LambdaForm$MH+0x00000142d8080800.invoke(Ljava/lang/Object;Ljava/lang/Object;Ljava/lang/Object;Ljava/lang/Object;)Ljava/lang/Object;+54 java.base@21.0.6
j  java.lang.invoke.LambdaForm$MH+0x00000142d8002c00.invokeExact_MT(Ljava/lang/Object;Ljava/lang/Object;Ljava/lang/Object;Ljava/lang/Object;Ljava/lang/Object;)Ljava/lang/Object;+22 java.base@21.0.6
j  jdk.internal.reflect.DirectMethodHandleAccessor.invokeImpl(Ljava/lang/Object;[Ljava/lang/Object;)Ljava/lang/Object;+72 java.base@21.0.6
j  jdk.internal.reflect.DirectMethodHandleAccessor.invoke(Ljava/lang/Object;[Ljava/lang/Object;)Ljava/lang/Object;+23 java.base@21.0.6
j  java.lang.reflect.Method.invoke(Ljava/lang/Object;[Ljava/lang/Object;)Ljava/lang/Object;+102 java.base@21.0.6
j  org.eclipse.equinox.launcher.Main.invokeFramework([Ljava/lang/String;[Ljava/net/URL;)V+155
j  org.eclipse.equinox.launcher.Main.basicRun([Ljava/lang/String;)V+159
j  org.eclipse.equinox.launcher.Main.run([Ljava/lang/String;)I+4
j  org.eclipse.equinox.launcher.Main.main([Ljava/lang/String;)V+10
v  ~StubRoutines::call_stub 0x00000142cbf110e7
invokestatic  184 invokestatic  [0x00000142cbf27fe0, 0x00000142cbf282a8]  712 bytes
[MachCode]
  0x00000142cbf27fe0: 4883 ec08 | c5fa 1104 | 24eb 1f48 | 83ec 10c5 | fb11 0424 | eb14 4883 | ec10 4889 | 0424 48c7 
  0x00000142cbf28000: 4424 0800 | 0000 00eb | 0150 4c89 | 6dc0 410f | b755 0148 | 8b4d d0c1 | e202 8b5c | d138 c1eb 
  0x00000142cbf28020: 1081 e3ff | 0000 0081 | fbb8 0000 | 000f 84b4 | 0000 00bb | b800 0000 | e805 0000 | 00e9 9900 
  0x00000142cbf28040: 0000 488b | d348 8d44 | 2408 4c89 | 6dc0 498b | cfc5 f877 | 4989 afa8 | 0300 0049 | 8987 9803 
  0x00000142cbf28060: 0000 4883 | ec20 40f6 | c40f 0f84 | 1900 0000 | 4883 ec08 | 48b8 707a | 9f06 fd7f | 0000 ffd0 
  0x00000142cbf28080: 4883 c408 | e90c 0000 | 0048 b870 | 7a9f 06fd | 7f00 00ff | d048 83c4 | 2049 c787 | 9803 0000 
  0x00000142cbf280a0: 0000 0000 | 49c7 87a8 | 0300 0000 | 0000 0049 | c787 a003 | 0000 0000 | 0000 c5f8 | 7749 837f 
  0x00000142cbf280c0: 0800 0f84 | 0500 0000 | e933 8efe | ff4c 8b6d | c04c 8b75 | c84e 8d74 | f500 c341 | 0fb7 5501 
  0x00000142cbf280e0: 488b 4dd0 | c1e2 0248 | 8b5c d140 | 488b 5b08 | 488b 5b08 | 488b 5b18 | 80bb 2101 | 0000 040f 
  0x00000142cbf28100: 840d 0000 | 004c 3bbb | 2801 0000 | 0f85 21ff | ffff 488b | 5cd1 408b | 54d1 50c1 | ea1c 49ba 
  0x00000142cbf28120: 40e0 2d07 | fd7f 0000 | 498b 14d2 | 5248 8b45 | d848 85c0 | 0f84 1200 | 0000 4883 | 4008 0148 
  0x00000142cbf28140: 8358 0800 | 4883 c010 | 4889 45d8 | 488b 45d8 | 4885 c00f | 843d 0100 | 0080 78f0 | 0a0f 8533 
  0x00000142cbf28160: 0100 0048 | 83c0 084c | 8b68 f841 | 83ed 0041 | 83fd 020f | 8c12 0100 | 004c 8b6b | 0845 0fb7 
  0x00000142cbf28180: 6d2e 4c2b | 2841 83ed | 014e 8b6c | ec08 4d85 | ed75 0ef6 | 4008 0175 | 58f0 4883 | 4808 01eb 
  0x00000142cbf281a0: 5045 8b6d | 0849 ba00 | 0000 d742 | 0100 004d | 03ea 4d8b | d54c 3368 | 0849 f7c5 | fcff ffff 
  0x00000142cbf281c0: 742f 41f6 | c502 7529 | 4883 7808 | 0074 1e48 | 8378 0801 | 7417 4d8b | ea4c 3368 | 0849 f7c5 
  0x00000142cbf281e0: fcff ffff | 740b 4883 | 4808 02eb | 044c 8968 | 0848 83c0 | 104c 8b68 | e841 83ed | 0241 83fd 
  0x00000142cbf28200: 020f 8c84 | 0000 004c | 8b6b 0845 | 0fb7 6d2e | 4c2b 2841 | 83ed 014e | 8b6c ec08 | 4d85 ed75 
  0x00000142cbf28220: 0ef6 4008 | 0175 58f0 | 4883 4808 | 01eb 5045 | 8b6d 0849 | ba00 0000 | d742 0100 | 004d 03ea 
  0x00000142cbf28240: 4d8b d54c | 3368 0849 | f7c5 fcff | ffff 742f | 41f6 c502 | 7529 4883 | 7808 0074 | 1e48 8378 
  0x00000142cbf28260: 0801 7417 | 4d8b ea4c | 3368 0849 | f7c5 fcff | ffff 740b | 4883 4808 | 02eb 044c | 8968 0848 
  0x00000142cbf28280: 83c0 104c | 8b68 d841 | 83ed 0441 | c1e5 0349 | 03c5 4889 | 45d8 4c8d | 6c24 084c | 896d f0ff 
  0x00000142cbf282a0: 6350 660f | 1f44 0000 
[/MachCode]

---------------  P R O C E S S  ---------------

Threads class SMR info:
_java_thread_list=0x000001431c1da040, length=11, elements={
0x00000142c17686a0, 0x00000142d6269090, 0x00000142d626b140, 0x00000142d626e440,
0x00000142d626f090, 0x00000142d6271af0, 0x00000142d62760c0, 0x00000142d6278b10,
0x00000142d62ee3c0, 0x000001431c041c10, 0x000001431c289020
}

Java Threads: ( => current thread )
=>0x00000142c17686a0 JavaThread "main"                              [_thread_in_vm, id=13560, stack(0x00000002d4300000,0x00000002d4400000) (1024K)]
  0x00000142d6269090 JavaThread "Reference Handler"          daemon [_thread_blocked, id=4824, stack(0x00000002d4700000,0x00000002d4800000) (1024K)]
  0x00000142d626b140 JavaThread "Finalizer"                  daemon [_thread_blocked, id=6648, stack(0x00000002d4800000,0x00000002d4900000) (1024K)]
  0x00000142d626e440 JavaThread "Signal Dispatcher"          daemon [_thread_blocked, id=11584, stack(0x00000002d4900000,0x00000002d4a00000) (1024K)]
  0x00000142d626f090 JavaThread "Attach Listener"            daemon [_thread_blocked, id=5264, stack(0x00000002d4a00000,0x00000002d4b00000) (1024K)]
  0x00000142d6271af0 JavaThread "Service Thread"             daemon [_thread_blocked, id=14932, stack(0x00000002d4b00000,0x00000002d4c00000) (1024K)]
  0x00000142d62760c0 JavaThread "Monitor Deflation Thread"   daemon [_thread_blocked, id=7896, stack(0x00000002d4c00000,0x00000002d4d00000) (1024K)]
  0x00000142d6278b10 JavaThread "C2 CompilerThread0"         daemon [_thread_blocked, id=16040, stack(0x00000002d4d00000,0x00000002d4e00000) (1024K)]
  0x00000142d62ee3c0 JavaThread "C1 CompilerThread0"         daemon [_thread_blocked, id=11492, stack(0x00000002d4e00000,0x00000002d4f00000) (1024K)]
  0x000001431c041c10 JavaThread "Common-Cleaner"             daemon [_thread_blocked, id=3900, stack(0x00000002d4f00000,0x00000002d5000000) (1024K)]
  0x000001431c289020 JavaThread "Notification Thread"        daemon [_thread_blocked, id=9580, stack(0x00000002d5000000,0x00000002d5100000) (1024K)]
Total: 11

Other Threads:
  0x00000142c182c600 VMThread "VM Thread"                           [id=15172, stack(0x00000002d4600000,0x00000002d4700000) (1024K)]
  0x00000142c17d44f0 WatcherThread "VM Periodic Task Thread"        [id=276, stack(0x00000002d4500000,0x00000002d4600000) (1024K)]
  0x00000142c17886b0 WorkerThread "GC Thread#0"                     [id=15796, stack(0x00000002d4400000,0x00000002d4500000) (1024K)]
  0x000001431c4e1a30 WorkerThread "GC Thread#1"                     [id=12856, stack(0x00000002d5100000,0x00000002d5200000) (1024K)]
  0x000001431c53be90 WorkerThread "GC Thread#2"                     [id=8804, stack(0x00000002d5200000,0x00000002d5300000) (1024K)]
  0x000001431c5298d0 WorkerThread "GC Thread#3"                     [id=14880, stack(0x00000002d5300000,0x00000002d5400000) (1024K)]
Total: 6

Threads with active compile tasks:
Total: 0

VM state: not at safepoint (normal execution)

VM Mutex/Monitor currently owned by a thread:  ([mutex/lock_event])
[0x00007ffd072cc300] Metaspace_lock - owner thread: 0x00000142c17686a0

Heap address: 0x00000000c0000000, size: 1024 MB, Compressed Oops mode: 32-bit

CDS archive(s) mapped at: [0x00000142d7000000-0x00000142d7ba0000-0x00000142d7ba0000), size 12189696, SharedBaseAddress: 0x00000142d7000000, ArchiveRelocationMode: 1.
Compressed class space mapped at: 0x00000142d8000000-0x0000014318000000, reserved size: 1073741824
Narrow klass base: 0x00000142d7000000, Narrow klass shift: 0, Narrow klass range: 0x100000000

GC Precious Log:
 CardTable entry size: 512
 CPUs: 4 total, 4 available
 Memory: 7932M
 Large Page Support: Disabled
 NUMA Support: Disabled
 Compressed Oops: Enabled (32-bit)
 Alignments: Space 512K, Generation 512K, Heap 2M
 Heap Min Capacity: 100M
 Heap Initial Capacity: 100M
 Heap Max Capacity: 1G
 Pre-touch: Disabled
 Parallel Workers: 4

Heap:
 PSYoungGen      total 29696K, used 6932K [0x00000000eab00000, 0x00000000ecc00000, 0x0000000100000000)
  eden space 25600K, 14% used [0x00000000eab00000,0x00000000eaea3ad8,0x00000000ec400000)
  from space 4096K, 78% used [0x00000000ec400000,0x00000000ec7217f0,0x00000000ec800000)
  to   space 4096K, 0% used [0x00000000ec800000,0x00000000ec800000,0x00000000ecc00000)
 ParOldGen       total 68608K, used 16K [0x00000000c0000000, 0x00000000c4300000, 0x00000000eab00000)
  object space 68608K, 0% used [0x00000000c0000000,0x00000000c0004000,0x00000000c4300000)
 Metaspace       used 4988K, committed 5248K, reserved 1114112K
  class space    used 502K, committed 640K, reserved 1048576K

Card table byte_map: [0x00000142d3bc0000,0x00000142d3dd0000] _byte_map_base: 0x00000142d35c0000

Marking Bits: (ParMarkBitMap*) 0x00007ffd072d3260
 Begin Bits: [0x00000142d3f30000, 0x00000142d4f30000)
 End Bits:   [0x00000142d4f30000, 0x00000142d5f30000)

Polling page: 0x00000142bff70000

Metaspace:

Usage:
  Non-class:      4.38 MB used.
      Class:    502.51 KB used.
       Both:      4.87 MB used.

Virtual space:
  Non-class space:       64.00 MB reserved,       4.50 MB (  7%) committed,  1 nodes.
      Class space:        1.00 GB reserved,     640.00 KB ( <1%) committed,  1 nodes.
             Both:        1.06 GB reserved,       5.12 MB ( <1%) committed. 

Chunk freelists:
   Non-Class:  10.66 MB
       Class:  15.40 MB
        Both:  26.06 MB

MaxMetaspaceSize: unlimited
CompressedClassSpaceSize: 1.00 GB
Initial GC threshold: 21.00 MB
Current GC threshold: 21.00 MB
CDS: on
 - commit_granule_bytes: 65536.
 - commit_granule_words: 8192.
 - virtual_space_node_default_size: 8388608.
 - enlarge_chunks_in_place: 1.
 - use_allocation_guard: 0.


Internal statistics:

num_allocs_failed_limit: 0.
num_arena_births: 196.
num_arena_deaths: 0.
num_vsnodes_births: 2.
num_vsnodes_deaths: 0.
num_space_committed: 82.
num_space_uncommitted: 0.
num_chunks_returned_to_freelist: 0.
num_chunks_taken_from_freelist: 286.
num_chunk_merges: 0.
num_chunk_splits: 188.
num_chunks_enlarged: 113.
num_inconsistent_stats: 0.

CodeHeap 'non-profiled nmethods': size=120000Kb used=482Kb max_used=482Kb free=119517Kb
 bounds [0x00000142cc4b0000, 0x00000142cc720000, 0x00000142d39e0000]
CodeHeap 'profiled nmethods': size=120000Kb used=1946Kb max_used=1946Kb free=118053Kb
 bounds [0x00000142c49e0000, 0x00000142c4c50000, 0x00000142cbf10000]
CodeHeap 'non-nmethods': size=5760Kb used=1204Kb max_used=1222Kb free=4555Kb
 bounds [0x00000142cbf10000, 0x00000142cc180000, 0x00000142cc4b0000]
 total_blobs=1653 nmethods=1197 adapters=363
 compilation: enabled
              stopped_count=0, restarted_count=0
 full_count=0

Compilation events (20 events):
Event: 2.143 Thread 0x00000142d62ee3c0 1189       3       java.util.stream.AbstractPipeline::isParallel (8 bytes)
Event: 2.144 Thread 0x00000142d62ee3c0 nmethod 1189 0x00000142c4bc1f90 code [0x00000142c4bc2120, 0x00000142c4bc2238]
Event: 2.144 Thread 0x00000142d62ee3c0 1190       3       java.lang.SecurityManager$$Lambda/0x00000142d8031b68::test (8 bytes)
Event: 2.144 Thread 0x00000142d62ee3c0 nmethod 1190 0x00000142c4bc2310 code [0x00000142c4bc24c0, 0x00000142c4bc26f8]
Event: 2.144 Thread 0x00000142d62ee3c0 1191       3       java.lang.SecurityManager::lambda$nonExportedPkgs$2 (13 bytes)
Event: 2.144 Thread 0x00000142d62ee3c0 nmethod 1191 0x00000142c4bc2790 code [0x00000142c4bc2960, 0x00000142c4bc2c48]
Event: 2.144 Thread 0x00000142d62ee3c0 1192       3       java.util.HashMap::remove (26 bytes)
Event: 2.144 Thread 0x00000142d62ee3c0 nmethod 1192 0x00000142c4bc2d90 code [0x00000142c4bc2f60, 0x00000142c4bc32c8]
Event: 2.144 Thread 0x00000142d62ee3c0 1193       1       java.util.stream.AbstractPipeline::getStreamAndOpFlags (5 bytes)
Event: 2.144 Thread 0x00000142d62ee3c0 nmethod 1193 0x00000142cc528310 code [0x00000142cc5284a0, 0x00000142cc528568]
Event: 2.144 Thread 0x00000142d62ee3c0 1194       3       java.util.stream.StreamOpFlag::combineOpFlags (9 bytes)
Event: 2.144 Thread 0x00000142d62ee3c0 nmethod 1194 0x00000142c4bc3410 code [0x00000142c4bc35c0, 0x00000142c4bc3770]
Event: 2.144 Thread 0x00000142d62ee3c0 1195       3       java.util.stream.StreamOpFlag::getMask (30 bytes)
Event: 2.144 Thread 0x00000142d62ee3c0 nmethod 1195 0x00000142c4bc3810 code [0x00000142c4bc39c0, 0x00000142c4bc3b30]
Event: 2.144 Thread 0x00000142d62ee3c0 1196       1       java.util.ImmutableCollections$SetN::size (5 bytes)
Event: 2.144 Thread 0x00000142d62ee3c0 nmethod 1196 0x00000142cc528610 code [0x00000142cc5287a0, 0x00000142cc528868]
Event: 2.146 Thread 0x00000142d62ee3c0 1197       3       sun.net.util.IPAddressUtil::checkHost (156 bytes)
Event: 2.147 Thread 0x00000142d62ee3c0 nmethod 1197 0x00000142c4bc3b90 code [0x00000142c4bc4020, 0x00000142c4bc5c70]
Event: 2.147 Thread 0x00000142d62ee3c0 1198       3       java.lang.Module::isNamed (13 bytes)
Event: 2.147 Thread 0x00000142d62ee3c0 nmethod 1198 0x00000142c4bc6790 code [0x00000142c4bc6920, 0x00000142c4bc6a80]

GC Heap History (2 events):
Event: 2.076 GC heap before
{Heap before GC invocations=1 (full 0):
 PSYoungGen      total 29696K, used 25600K [0x00000000eab00000, 0x00000000ecc00000, 0x0000000100000000)
  eden space 25600K, 100% used [0x00000000eab00000,0x00000000ec400000,0x00000000ec400000)
  from space 4096K, 0% used [0x00000000ec800000,0x00000000ec800000,0x00000000ecc00000)
  to   space 4096K, 0% used [0x00000000ec400000,0x00000000ec400000,0x00000000ec800000)
 ParOldGen       total 68608K, used 0K [0x00000000c0000000, 0x00000000c4300000, 0x00000000eab00000)
  object space 68608K, 0% used [0x00000000c0000000,0x00000000c0000000,0x00000000c4300000)
 Metaspace       used 4352K, committed 4544K, reserved 1114112K
  class space    used 439K, committed 512K, reserved 1048576K
}
Event: 2.081 GC heap after
{Heap after GC invocations=1 (full 0):
 PSYoungGen      total 29696K, used 3205K [0x00000000eab00000, 0x00000000ecc00000, 0x0000000100000000)
  eden space 25600K, 0% used [0x00000000eab00000,0x00000000eab00000,0x00000000ec400000)
  from space 4096K, 78% used [0x00000000ec400000,0x00000000ec7217f0,0x00000000ec800000)
  to   space 4096K, 0% used [0x00000000ec800000,0x00000000ec800000,0x00000000ecc00000)
 ParOldGen       total 68608K, used 16K [0x00000000c0000000, 0x00000000c4300000, 0x00000000eab00000)
  object space 68608K, 0% used [0x00000000c0000000,0x00000000c0004000,0x00000000c4300000)
 Metaspace       used 4352K, committed 4544K, reserved 1114112K
  class space    used 439K, committed 512K, reserved 1048576K
}

Dll operation events (8 events):
Event: 0.014 Loaded shared library c:\Users\SANJU\.vscode\extensions\redhat.java-1.41.1-win32-x64\jre\21.0.6-win32-x86_64\bin\java.dll
Event: 0.130 Loaded shared library c:\Users\SANJU\.vscode\extensions\redhat.java-1.41.1-win32-x64\jre\21.0.6-win32-x86_64\bin\zip.dll
Event: 0.157 Loaded shared library C:\Users\SANJU\.vscode\extensions\redhat.java-1.41.1-win32-x64\jre\21.0.6-win32-x86_64\bin\instrument.dll
Event: 0.163 Loaded shared library C:\Users\SANJU\.vscode\extensions\redhat.java-1.41.1-win32-x64\jre\21.0.6-win32-x86_64\bin\net.dll
Event: 0.165 Loaded shared library C:\Users\SANJU\.vscode\extensions\redhat.java-1.41.1-win32-x64\jre\21.0.6-win32-x86_64\bin\nio.dll
Event: 0.171 Loaded shared library C:\Users\SANJU\.vscode\extensions\redhat.java-1.41.1-win32-x64\jre\21.0.6-win32-x86_64\bin\zip.dll
Event: 0.259 Loaded shared library C:\Users\SANJU\.vscode\extensions\redhat.java-1.41.1-win32-x64\jre\21.0.6-win32-x86_64\bin\jimage.dll
Event: 0.461 Loaded shared library c:\Users\SANJU\.vscode\extensions\redhat.java-1.41.1-win32-x64\jre\21.0.6-win32-x86_64\bin\verify.dll

Deoptimization events (20 events):
Event: 2.037 Thread 0x00000142c17686a0 Uncommon trap: trap_request=0xffffffc6 fr.pc=0x00000142cc4e8658 relative=0x0000000000000298
Event: 2.037 Thread 0x00000142c17686a0 Uncommon trap: reason=bimorphic_or_optimized_type_check action=maybe_recompile pc=0x00000142cc4e8658 method=java.util.Collections$UnmodifiableCollection$1.next()Ljava/lang/Object; @ 4 c2
Event: 2.037 Thread 0x00000142c17686a0 DEOPT PACKING pc=0x00000142cc4e8658 sp=0x00000002d43fec80
Event: 2.037 Thread 0x00000142c17686a0 DEOPT UNPACKING pc=0x00000142cbf66da2 sp=0x00000002d43fec30 mode 2
Event: 2.074 Thread 0x00000142c17686a0 Uncommon trap: trap_request=0xffffffde fr.pc=0x00000142cc4faacc relative=0x00000000000005ac
Event: 2.074 Thread 0x00000142c17686a0 Uncommon trap: reason=class_check action=maybe_recompile pc=0x00000142cc4faacc method=java.util.Collections$UnmodifiableCollection$1.<init>(Ljava/util/Collections$UnmodifiableCollection;)V @ 17 c2
Event: 2.074 Thread 0x00000142c17686a0 DEOPT PACKING pc=0x00000142cc4faacc sp=0x00000002d43fead0
Event: 2.074 Thread 0x00000142c17686a0 DEOPT UNPACKING pc=0x00000142cbf66da2 sp=0x00000002d43fea18 mode 2
Event: 2.082 Thread 0x00000142c17686a0 Uncommon trap: trap_request=0xffffffde fr.pc=0x00000142cc4faacc relative=0x00000000000005ac
Event: 2.082 Thread 0x00000142c17686a0 Uncommon trap: reason=class_check action=maybe_recompile pc=0x00000142cc4faacc method=java.util.Collections$UnmodifiableCollection$1.<init>(Ljava/util/Collections$UnmodifiableCollection;)V @ 17 c2
Event: 2.082 Thread 0x00000142c17686a0 DEOPT PACKING pc=0x00000142cc4faacc sp=0x00000002d43fea50
Event: 2.082 Thread 0x00000142c17686a0 DEOPT UNPACKING pc=0x00000142cbf66da2 sp=0x00000002d43fe998 mode 2
Event: 2.082 Thread 0x00000142c17686a0 Uncommon trap: trap_request=0xffffff45 fr.pc=0x00000142cc518dc0 relative=0x0000000000000280
Event: 2.082 Thread 0x00000142c17686a0 Uncommon trap: reason=unstable_if action=reinterpret pc=0x00000142cc518dc0 method=java.util.HashMap.hash(Ljava/lang/Object;)I @ 1 c2
Event: 2.082 Thread 0x00000142c17686a0 DEOPT PACKING pc=0x00000142cc518dc0 sp=0x00000002d43fe9f0
Event: 2.082 Thread 0x00000142c17686a0 DEOPT UNPACKING pc=0x00000142cbf66da2 sp=0x00000002d43fe888 mode 2
Event: 2.084 Thread 0x00000142c17686a0 Uncommon trap: trap_request=0xffffffde fr.pc=0x00000142cc4faacc relative=0x00000000000005ac
Event: 2.084 Thread 0x00000142c17686a0 Uncommon trap: reason=class_check action=maybe_recompile pc=0x00000142cc4faacc method=java.util.Collections$UnmodifiableCollection$1.<init>(Ljava/util/Collections$UnmodifiableCollection;)V @ 17 c2
Event: 2.084 Thread 0x00000142c17686a0 DEOPT PACKING pc=0x00000142cc4faacc sp=0x00000002d43fea50
Event: 2.084 Thread 0x00000142c17686a0 DEOPT UNPACKING pc=0x00000142cbf66da2 sp=0x00000002d43fe998 mode 2

Classes loaded (20 events):
Event: 2.151 Loading class java/nio/channels/SeekableByteChannel
Event: 2.151 Loading class java/nio/channels/ByteChannel
Event: 2.151 Loading class java/nio/channels/ReadableByteChannel
Event: 2.151 Loading class java/nio/channels/Channel
Event: 2.151 Loading class java/nio/channels/Channel done
Event: 2.151 Loading class java/nio/channels/ReadableByteChannel done
Event: 2.151 Loading class java/nio/channels/WritableByteChannel
Event: 2.151 Loading class java/nio/channels/WritableByteChannel done
Event: 2.151 Loading class java/nio/channels/ByteChannel done
Event: 2.151 Loading class java/nio/channels/SeekableByteChannel done
Event: 2.151 Loading class java/nio/channels/GatheringByteChannel
Event: 2.151 Loading class java/nio/channels/GatheringByteChannel done
Event: 2.151 Loading class java/nio/channels/ScatteringByteChannel
Event: 2.151 Loading class java/nio/channels/ScatteringByteChannel done
Event: 2.151 Loading class java/nio/channels/spi/AbstractInterruptibleChannel
Event: 2.151 Loading class java/nio/channels/InterruptibleChannel
Event: 2.151 Loading class java/nio/channels/InterruptibleChannel done
Event: 2.151 Loading class java/nio/channels/spi/AbstractInterruptibleChannel done
Event: 2.151 Loading class java/nio/channels/FileChannel done
Event: 2.151 Loading class sun/nio/ch/FileChannelImpl done

Classes unloaded (0 events):
No events

Classes redefined (0 events):
No events

Internal exceptions (20 events):
Event: 1.557 Thread 0x00000142c17686a0 Implicit null exception at 0x00000142cc4e0e24 to 0x00000142cc4e1424
Event: 1.558 Thread 0x00000142c17686a0 Implicit null exception at 0x00000142cc4e1aa0 to 0x00000142cc4e2098
Event: 1.561 Thread 0x00000142c17686a0 Exception <a 'java/io/FileNotFoundException'{0x00000000eba204a0}> (0x00000000eba204a0) 
thrown [s\src\hotspot\share\prims\jni.cpp, line 520]
Event: 1.914 Thread 0x00000142c17686a0 Exception <a 'java/lang/NoSuchMethodError'{0x00000000ebeaf358}: 'java.lang.ClassLoader java.lang.ClassLoader.getPlatformClassLoader(java.lang.Class)'> (0x00000000ebeaf358) 
thrown [s\src\hotspot\share\interpreter\linkResolver.cpp, line 773]
Event: 2.029 Thread 0x00000142c17686a0 Exception <a 'java/lang/ClassNotFoundException'{0x00000000ec2b15b0}: sun/net/www/protocol/c/Handler> (0x00000000ec2b15b0) 
thrown [s\src\hotspot\share\classfile\systemDictionary.cpp, line 312]
Event: 2.029 Thread 0x00000142c17686a0 Exception <a 'java/lang/ClassNotFoundException'{0x00000000ec2b2940}: sun/net/www/protocol/c/Handler> (0x00000000ec2b2940) 
thrown [s\src\hotspot\share\classfile\systemDictionary.cpp, line 312]
Event: 2.030 Thread 0x00000142c17686a0 Exception <a 'java/lang/ClassNotFoundException'{0x00000000ec2b3b20}: sun/net/www/protocol/c/Handler> (0x00000000ec2b3b20) 
thrown [s\src\hotspot\share\classfile\systemDictionary.cpp, line 312]
Event: 2.037 Thread 0x00000142c17686a0 Exception <a 'java/io/FileNotFoundException'{0x00000000ec2d8ae0}> (0x00000000ec2d8ae0) 
thrown [s\src\hotspot\share\prims\jni.cpp, line 520]
Event: 2.082 Thread 0x00000142c17686a0 Implicit null exception at 0x00000142cc518b9a to 0x00000142cc518da8
Event: 2.082 Thread 0x00000142c17686a0 Exception <a 'java/lang/NoSuchMethodError'{0x00000000eab04698}: 'void java.lang.invoke.DirectMethodHandle$Holder.invokeStatic(java.lang.Object, java.lang.Object, java.lang.Object, java.lang.Object)'> (0x00000000eab04698) 
thrown [s\src\hotspot\share\interpreter\linkResolver.cpp, line 773]
Event: 2.129 Thread 0x00000142c17686a0 Exception <a 'java/lang/NoSuchMethodError'{0x00000000ead80850}: 'long java.lang.invoke.DirectMethodHandle$Holder.invokeStatic(java.lang.Object, java.lang.Object, int)'> (0x00000000ead80850) 
thrown [s\src\hotspot\share\interpreter\linkResolver.cpp, line 773]
Event: 2.130 Thread 0x00000142c17686a0 Exception <a 'java/lang/NoSuchMethodError'{0x00000000ead88358}: 'java.lang.Object java.lang.invoke.DirectMethodHandle$Holder.invokeSpecial(java.lang.Object, java.lang.Object, java.lang.Object, java.lang.Object, long)'> (0x00000000ead88358) 
thrown [s\src\hotspot\share\interpreter\linkResolver.cpp, line 773]
Event: 2.132 Thread 0x00000142c17686a0 Exception <a 'java/lang/NoSuchMethodError'{0x00000000ead95fd8}: 'java.lang.Object java.lang.invoke.DirectMethodHandle$Holder.invokeSpecial(java.lang.Object, java.lang.Object, java.lang.Object, int, java.lang.Object)'> (0x00000000ead95fd8) 
thrown [s\src\hotspot\share\interpreter\linkResolver.cpp, line 773]
Event: 2.134 Thread 0x00000142c17686a0 Exception <a 'java/lang/NoSuchMethodError'{0x00000000eadad908}: 'java.lang.Object java.lang.invoke.Invokers$Holder.invokeExact_MT(java.lang.Object, java.lang.Object, java.lang.Object, java.lang.Object, java.lang.Object, java.lang.Object)'> (0x00000000eadad908) 
thrown [s\src\hotspot\share\interpreter\linkResolver.cpp, line 773]
Event: 2.137 Thread 0x00000142c17686a0 Exception <a 'java/lang/NoSuchMethodError'{0x00000000eadc71c0}: 'int java.lang.invoke.DirectMethodHandle$Holder.invokeStaticInit(java.lang.Object, java.lang.Object, java.lang.Object, java.lang.Object)'> (0x00000000eadc71c0) 
thrown [s\src\hotspot\share\interpreter\linkResolver.cpp, line 773]
Event: 2.138 Thread 0x00000142c17686a0 Exception <a 'java/lang/NoSuchMethodError'{0x00000000eadcf978}: 'java.lang.Object java.lang.invoke.DirectMethodHandle$Holder.invokeInterface(java.lang.Object, java.lang.Object)'> (0x00000000eadcf978) 
thrown [s\src\hotspot\share\interpreter\linkResolver.cpp, line 773]
Event: 2.138 Thread 0x00000142c17686a0 Exception <a 'java/lang/IncompatibleClassChangeError'{0x00000000eadd2eb0}: Found class java.lang.Object, but interface was expected> (0x00000000eadd2eb0) 
thrown [s\src\hotspot\share\interpreter\linkResolver.cpp, line 840]
Event: 2.139 Thread 0x00000142c17686a0 Exception <a 'java/lang/NoSuchMethodError'{0x00000000eadd7068}: 'void java.lang.invoke.DirectMethodHandle$Holder.invokeStatic(java.lang.Object, java.lang.Object)'> (0x00000000eadd7068) 
thrown [s\src\hotspot\share\interpreter\linkResolver.cpp, line 773]
Event: 2.139 Thread 0x00000142c17686a0 Exception <a 'java/lang/NoSuchMethodError'{0x00000000eadda410}: 'void java.lang.invoke.DirectMethodHandle$Holder.invokeStaticInit(java.lang.Object, java.lang.Object)'> (0x00000000eadda410) 
thrown [s\src\hotspot\share\interpreter\linkResolver.cpp, line 773]
Event: 2.140 Thread 0x00000142c17686a0 Exception <a 'java/lang/NoSuchMethodError'{0x00000000eade14b0}: 'int java.lang.invoke.DirectMethodHandle$Holder.invokeStaticInit(java.lang.Object, java.lang.Object)'> (0x00000000eade14b0) 
thrown [s\src\hotspot\share\interpreter\linkResolver.cpp, line 773]

ZGC Phase Switch (0 events):
No events

VM Operations (12 events):
Event: 0.276 Executing VM operation: HandshakeAllThreads (Deoptimize)
Event: 0.276 Executing VM operation: HandshakeAllThreads (Deoptimize) done
Event: 1.287 Executing VM operation: Cleanup
Event: 1.287 Executing VM operation: Cleanup done
Event: 1.395 Executing VM operation: HandshakeAllThreads (Deoptimize)
Event: 1.395 Executing VM operation: HandshakeAllThreads (Deoptimize) done
Event: 1.525 Executing VM operation: HandshakeAllThreads (Deoptimize)
Event: 1.525 Executing VM operation: HandshakeAllThreads (Deoptimize) done
Event: 1.999 Executing VM operation: HandshakeAllThreads (Deoptimize)
Event: 1.999 Executing VM operation: HandshakeAllThreads (Deoptimize) done
Event: 2.076 Executing VM operation: ParallelGCFailedAllocation (Allocation Failure)
Event: 2.081 Executing VM operation: ParallelGCFailedAllocation (Allocation Failure) done

Memory protections (0 events):
No events

Nmethod flushes (0 events):
No events

Events (15 events):
Event: 0.029 Thread 0x00000142c17686a0 Thread added: 0x00000142c17686a0
Event: 0.059 Thread 0x00000142c17686a0 Thread added: 0x00000142d6269090
Event: 0.060 Thread 0x00000142c17686a0 Thread added: 0x00000142d626b140
Event: 0.060 Thread 0x00000142c17686a0 Thread added: 0x00000142d626e440
Event: 0.060 Thread 0x00000142c17686a0 Thread added: 0x00000142d626f090
Event: 0.060 Thread 0x00000142c17686a0 Thread added: 0x00000142d6271af0
Event: 0.060 Thread 0x00000142c17686a0 Thread added: 0x00000142d62760c0
Event: 0.060 Thread 0x00000142c17686a0 Thread added: 0x00000142d6278b10
Event: 0.070 Thread 0x00000142c17686a0 Thread added: 0x00000142d62ee3c0
Event: 0.107 Thread 0x00000142c17686a0 Thread added: 0x000001431c041c10
Event: 0.757 Thread 0x00000142c17686a0 Thread added: 0x000001431c289020
Event: 0.760 Thread 0x00000142d62ee3c0 Thread added: 0x000001431c1738c0
Event: 0.894 Thread 0x000001431c1738c0 Thread exited: 0x000001431c1738c0
Event: 1.273 Thread 0x00000142d62ee3c0 Thread added: 0x000001431c384820
Event: 1.909 Thread 0x000001431c384820 Thread exited: 0x000001431c384820


Dynamic libraries:
0x00007ff61d0d0000 - 0x00007ff61d0de000 	c:\Users\SANJU\.vscode\extensions\redhat.java-1.41.1-win32-x64\jre\21.0.6-win32-x86_64\bin\java.exe
0x00007ffd57760000 - 0x00007ffd579c6000 	C:\WINDOWS\SYSTEM32\ntdll.dll
0x00007ffd56db0000 - 0x00007ffd56e79000 	C:\WINDOWS\System32\KERNEL32.DLL
0x00007ffd54a70000 - 0x00007ffd54e3c000 	C:\WINDOWS\System32\KERNELBASE.dll
0x00007ffd55340000 - 0x00007ffd5548b000 	C:\WINDOWS\System32\ucrtbase.dll
0x00007ffd4d470000 - 0x00007ffd4d488000 	c:\Users\SANJU\.vscode\extensions\redhat.java-1.41.1-win32-x64\jre\21.0.6-win32-x86_64\bin\jli.dll
0x00007ffd574c0000 - 0x00007ffd5768a000 	C:\WINDOWS\System32\USER32.dll
0x00007ffd54fb0000 - 0x00007ffd54fd7000 	C:\WINDOWS\System32\win32u.dll
0x00007ffd56c90000 - 0x00007ffd56cbb000 	C:\WINDOWS\System32\GDI32.dll
0x00007ffd55080000 - 0x00007ffd551b2000 	C:\WINDOWS\System32\gdi32full.dll
0x00007ffd54e40000 - 0x00007ffd54ee3000 	C:\WINDOWS\System32\msvcp_win.dll
0x00007ffd47bf0000 - 0x00007ffd47c0e000 	c:\Users\SANJU\.vscode\extensions\redhat.java-1.41.1-win32-x64\jre\21.0.6-win32-x86_64\bin\VCRUNTIME140.dll
0x00007ffd41490000 - 0x00007ffd4172a000 	C:\WINDOWS\WinSxS\amd64_microsoft.windows.common-controls_6595b64144ccf1df_6.0.26100.3912_none_3e07963ce335137e\COMCTL32.dll
0x00007ffd572e0000 - 0x00007ffd57389000 	C:\WINDOWS\System32\msvcrt.dll
0x00007ffd564f0000 - 0x00007ffd56520000 	C:\WINDOWS\System32\IMM32.DLL
0x00007ffd4ecd0000 - 0x00007ffd4ecdc000 	c:\Users\SANJU\.vscode\extensions\redhat.java-1.41.1-win32-x64\jre\21.0.6-win32-x86_64\bin\vcruntime140_1.dll
0x00007ffd3fdb0000 - 0x00007ffd3fe3d000 	c:\Users\SANJU\.vscode\extensions\redhat.java-1.41.1-win32-x64\jre\21.0.6-win32-x86_64\bin\msvcp140.dll
0x00007ffd06620000 - 0x00007ffd073b0000 	c:\Users\SANJU\.vscode\extensions\redhat.java-1.41.1-win32-x64\jre\21.0.6-win32-x86_64\bin\server\jvm.dll
0x00007ffd55a80000 - 0x00007ffd55b32000 	C:\WINDOWS\System32\ADVAPI32.dll
0x00007ffd55950000 - 0x00007ffd559f6000 	C:\WINDOWS\System32\sechost.dll
0x00007ffd57390000 - 0x00007ffd574a6000 	C:\WINDOWS\System32\RPCRT4.dll
0x00007ffd55b40000 - 0x00007ffd55bb4000 	C:\WINDOWS\System32\WS2_32.dll
0x00007ffd54760000 - 0x00007ffd547be000 	C:\WINDOWS\SYSTEM32\POWRPROF.dll
0x00007ffd3ddb0000 - 0x00007ffd3dde6000 	C:\WINDOWS\SYSTEM32\WINMM.dll
0x00007ffd47a60000 - 0x00007ffd47a6b000 	C:\WINDOWS\SYSTEM32\VERSION.dll
0x00007ffd54740000 - 0x00007ffd54754000 	C:\WINDOWS\SYSTEM32\UMPDC.dll
0x00007ffd536b0000 - 0x00007ffd536ca000 	C:\WINDOWS\SYSTEM32\kernel.appcore.dll
0x00007ffd4d460000 - 0x00007ffd4d46a000 	c:\Users\SANJU\.vscode\extensions\redhat.java-1.41.1-win32-x64\jre\21.0.6-win32-x86_64\bin\jimage.dll
0x00007ffd52050000 - 0x00007ffd52291000 	C:\WINDOWS\SYSTEM32\DBGHELP.DLL
0x00007ffd56f50000 - 0x00007ffd572d4000 	C:\WINDOWS\System32\combase.dll
0x00007ffd56cc0000 - 0x00007ffd56da0000 	C:\WINDOWS\System32\OLEAUT32.dll
0x00007ffd384b0000 - 0x00007ffd384e9000 	C:\WINDOWS\SYSTEM32\dbgcore.DLL
0x00007ffd54fe0000 - 0x00007ffd55079000 	C:\WINDOWS\System32\bcryptPrimitives.dll
0x00007ffd45870000 - 0x00007ffd4587f000 	c:\Users\SANJU\.vscode\extensions\redhat.java-1.41.1-win32-x64\jre\21.0.6-win32-x86_64\bin\instrument.dll
0x00007ffd47ac0000 - 0x00007ffd47adf000 	c:\Users\SANJU\.vscode\extensions\redhat.java-1.41.1-win32-x64\jre\21.0.6-win32-x86_64\bin\java.dll
0x00007ffd55dc0000 - 0x00007ffd564ed000 	C:\WINDOWS\System32\SHELL32.dll
0x00007ffd548f0000 - 0x00007ffd54a64000 	C:\WINDOWS\System32\wintypes.dll
0x00007ffd525a0000 - 0x00007ffd52df6000 	C:\WINDOWS\SYSTEM32\windows.storage.dll
0x00007ffd56b70000 - 0x00007ffd56c5f000 	C:\WINDOWS\System32\SHCORE.dll
0x00007ffd55a10000 - 0x00007ffd55a79000 	C:\WINDOWS\System32\shlwapi.dll
0x00007ffd54800000 - 0x00007ffd5482f000 	C:\WINDOWS\SYSTEM32\profapi.dll
0x00007ffd45f30000 - 0x00007ffd45f48000 	c:\Users\SANJU\.vscode\extensions\redhat.java-1.41.1-win32-x64\jre\21.0.6-win32-x86_64\bin\zip.dll
0x00007ffd47e40000 - 0x00007ffd47e50000 	C:\Users\SANJU\.vscode\extensions\redhat.java-1.41.1-win32-x64\jre\21.0.6-win32-x86_64\bin\net.dll
0x00007ffd477f0000 - 0x00007ffd4790e000 	C:\WINDOWS\SYSTEM32\WINHTTP.dll
0x00007ffd53c20000 - 0x00007ffd53c8a000 	C:\WINDOWS\system32\mswsock.dll
0x00007ffd44010000 - 0x00007ffd44026000 	C:\Users\SANJU\.vscode\extensions\redhat.java-1.41.1-win32-x64\jre\21.0.6-win32-x86_64\bin\nio.dll
0x00007ffd45790000 - 0x00007ffd457a0000 	c:\Users\SANJU\.vscode\extensions\redhat.java-1.41.1-win32-x64\jre\21.0.6-win32-x86_64\bin\verify.dll

dbghelp: loaded successfully - version: 4.0.5 - missing functions: none
symbol engine: initialized successfully - sym options: 0x614 - pdb path: .;c:\Users\SANJU\.vscode\extensions\redhat.java-1.41.1-win32-x64\jre\21.0.6-win32-x86_64\bin;C:\WINDOWS\SYSTEM32;C:\WINDOWS\WinSxS\amd64_microsoft.windows.common-controls_6595b64144ccf1df_6.0.26100.3912_none_3e07963ce335137e;c:\Users\SANJU\.vscode\extensions\redhat.java-1.41.1-win32-x64\jre\21.0.6-win32-x86_64\bin\server

VM Arguments:
jvm_args: --add-modules=ALL-SYSTEM --add-opens=java.base/java.util=ALL-UNNAMED --add-opens=java.base/java.lang=ALL-UNNAMED --add-opens=java.base/sun.nio.fs=ALL-UNNAMED -Declipse.application=org.eclipse.jdt.ls.core.id1 -Dosgi.bundles.defaultStartLevel=4 -Declipse.product=org.eclipse.jdt.ls.core.product -Djava.import.generatesMetadataFilesAtProjectRoot=false -DDetectVMInstallationsJob.disabled=true -Dfile.encoding=utf8 -XX:+UseParallelGC -XX:GCTimeRatio=4 -XX:AdaptiveSizePolicyWeight=90 -Dsun.zip.disableMemoryMapping=true -Xmx1G -Xms100m -Xlog:disable -javaagent:c:\Users\SANJU\.vscode\extensions\redhat.java-1.41.1-win32-x64\lombok\lombok-1.18.36.jar 
java_command: c:\Users\SANJU\.vscode\extensions\redhat.java-1.41.1-win32-x64\server\plugins\org.eclipse.equinox.launcher_1.7.0.v20250331-1702.jar -configuration c:\Users\SANJU\AppData\Roaming\Code\User\globalStorage\redhat.java\1.41.1\config_ss_win -data c:\Users\SANJU\AppData\Roaming\Code\User\workspaceStorage\ee656b20cc33f40c5e6015df986231a5\redhat.java\ss_ws --pipe=\\.\pipe\lsp-ed7ea8df29923e869c8b12b6b96853c8-sock
java_class_path (initial): c:\Users\SANJU\.vscode\extensions\redhat.java-1.41.1-win32-x64\server\plugins\org.eclipse.equinox.launcher_1.7.0.v20250331-1702.jar
Launcher Type: SUN_STANDARD

[Global flags]
    uintx AdaptiveSizePolicyWeight                 = 90                                        {product} {command line}
     intx CICompilerCount                          = 3                                         {product} {ergonomic}
    uintx GCTimeRatio                              = 4                                         {product} {command line}
   size_t InitialHeapSize                          = 104857600                                 {product} {command line}
   size_t MaxHeapSize                              = 1073741824                                {product} {command line}
   size_t MaxNewSize                               = 357564416                                 {product} {ergonomic}
   size_t MinHeapDeltaBytes                        = 524288                                    {product} {ergonomic}
   size_t MinHeapSize                              = 104857600                                 {product} {command line}
   size_t NewSize                                  = 34603008                                  {product} {ergonomic}
    uintx NonNMethodCodeHeapSize                   = 5832780                                {pd product} {ergonomic}
    uintx NonProfiledCodeHeapSize                  = 122912730                              {pd product} {ergonomic}
   size_t OldSize                                  = 70254592                                  {product} {ergonomic}
    uintx ProfiledCodeHeapSize                     = 122912730                              {pd product} {ergonomic}
    uintx ReservedCodeCacheSize                    = 251658240                              {pd product} {ergonomic}
     bool SegmentedCodeCache                       = true                                      {product} {ergonomic}
   size_t SoftMaxHeapSize                          = 1073741824                             {manageable} {ergonomic}
     bool UseCompressedOops                        = true                           {product lp64_product} {ergonomic}
     bool UseLargePagesIndividualAllocation        = false                                  {pd product} {ergonomic}
     bool UseParallelGC                            = true                                      {product} {command line}

Logging:
Log output configuration:
 #0: stdout all=off uptime,level,tags foldmultilines=false
 #1: stderr all=off uptime,level,tags foldmultilines=false

Environment Variables:
PATH=C:\Program Files\Common Files\Oracle\Java\javapath;C:\WINDOWS\system32;C:\WINDOWS;C:\WINDOWS\System32\Wbem;C:\WINDOWS\System32\WindowsPowerShell\v1.0\;C:\WINDOWS\System32\OpenSSH\;C:\Program Files\Git\cmd;C:\Program Files\GitHub CLI\;C:\Users\SANJU\AppData\Local\Programs\Python\Python311\Scripts\;C:\Users\SANJU\AppData\Local\Programs\Python\Python311\;C:\Users\SANJU\AppData\Local\Programs\Python\Python313\Scripts\;C:\Users\SANJU\AppData\Local\Programs\Python\Python313\;C:\Users\SANJU\AppData\Local\Microsoft\WindowsApps;C:\Users\SANJU\AppData\Local\Programs\Microsoft VS Code\bin;C:\Users\SANJU\AppData\Local\Programs\cursor\resources\app\bin
USERNAME=SANJU
OS=Windows_NT
PROCESSOR_IDENTIFIER=Intel64 Family 6 Model 126 Stepping 5, GenuineIntel
TMP=C:\Users\SANJU\AppData\Local\Temp
TEMP=C:\Users\SANJU\AppData\Local\Temp




Periodic native trim disabled

---------------  S Y S T E M  ---------------

OS:
 Windows 11 , 64 bit Build 26100 (10.0.26100.3912)
OS uptime: 0 days 11:23 hours

CPU: total 4 (initial active 4) (2 cores per cpu, 2 threads per core) family 6 model 126 stepping 5 microcode 0xa6, cx8, cmov, fxsr, ht, mmx, 3dnowpref, sse, sse2, sse3, ssse3, sse4.1, sse4.2, popcnt, lzcnt, tsc, tscinvbit, avx, avx2, aes, erms, clmul, bmi1, bmi2, adx, avx512f, avx512dq, avx512cd, avx512bw, avx512vl, sha, fma, vzeroupper, avx512_vpopcntdq, avx512_vpclmulqdq, avx512_vaes, avx512_vnni, clflush, clflushopt, avx512_vbmi2, avx512_vbmi, rdtscp, rdpid, fsrm, gfni, avx512_bitalg, f16c, pku, avx512_ifma
Processor Information for the first 4 processors :
  Max Mhz: 1201, Current Mhz: 1201, Mhz Limit: 1201

Memory: 4k page, system-wide physical 7932M (1996M free)
TotalPageFile size 7932M (AvailPageFile size 215M)
current process WorkingSet (physical memory assigned to process): 84M, peak: 84M
current process commit charge ("private bytes"): 190M, peak: 190M

vm_info: OpenJDK 64-Bit Server VM (21.0.6+7-LTS) for windows-amd64 JRE (21.0.6+7-LTS), built on 2025-01-21T00:00:00Z by "admin" with MS VC++ 17.7 (VS2022)

END.
